\BOOKMARK [0][-]{chapter.1}{\376\377\0001\000\040\000D\000a\000t\000a\000\040\000S\000t\000r\000u\000c\000t\000u\000r\000e\000\040\000I\000n\000d\000e\000x}{}% 1
\BOOKMARK [1][-]{section.1.1}{\376\377\0001\000.\0001\000\040\000D\000a\000t\000a\000\040\000S\000t\000r\000u\000c\000t\000u\000r\000e\000s}{chapter.1}% 2
\BOOKMARK [0][-]{chapter.2}{\376\377\0002\000\040\000F\000i\000l\000e\000\040\000I\000n\000d\000e\000x}{}% 3
\BOOKMARK [1][-]{section.2.1}{\376\377\0002\000.\0001\000\040\000F\000i\000l\000e\000\040\000L\000i\000s\000t}{chapter.2}% 4
\BOOKMARK [0][-]{chapter.3}{\376\377\0003\000\040\000D\000a\000t\000a\000\040\000S\000t\000r\000u\000c\000t\000u\000r\000e\000\040\000D\000o\000c\000u\000m\000e\000n\000t\000a\000t\000i\000o\000n}{}% 5
\BOOKMARK [1][-]{section.3.1}{\376\377\0003\000.\0001\000\040\000e\000n\000e\000r\000g\000y\000\137\000t\000y\000p\000e\000\040\000S\000t\000r\000u\000c\000t\000\040\000R\000e\000f\000e\000r\000e\000n\000c\000e}{chapter.3}% 6
\BOOKMARK [2][-]{subsection.3.1.1}{\376\377\0003\000.\0001\000.\0001\000\040\000F\000i\000e\000l\000d\000\040\000D\000o\000c\000u\000m\000e\000n\000t\000a\000t\000i\000o\000n}{section.3.1}% 7
\BOOKMARK [3][-]{subsubsection.3.1.1.1}{\376\377\0003\000.\0001\000.\0001\000.\0001\000\040\000a\000c\000\137\000l\000o\000w\000\137\000a\000d\000j}{subsection.3.1.1}% 8
\BOOKMARK [3][-]{subsubsection.3.1.1.2}{\376\377\0003\000.\0001\000.\0001\000.\0002\000\040\000a\000c\000\137\000m\000i\000s\000m\000a\000t\000c\000h}{subsection.3.1.1}% 9
\BOOKMARK [3][-]{subsubsection.3.1.1.3}{\376\377\0003\000.\0001\000.\0001\000.\0003\000\040\000a\000c\000\137\000s\000w\000\137\000o\000n}{subsection.3.1.1}% 10
\BOOKMARK [3][-]{subsubsection.3.1.1.4}{\376\377\0003\000.\0001\000.\0001\000.\0004\000\040\000a\000c\000\137\000s\000w\000\137\000s\000t\000a\000t\000u\000s}{subsection.3.1.1}% 11
\BOOKMARK [3][-]{subsubsection.3.1.1.5}{\376\377\0003\000.\0001\000.\0001\000.\0005\000\040\000c\000l\000i\000e\000n\000t\000\137\000h\000a}{subsection.3.1.1}% 12
\BOOKMARK [3][-]{subsubsection.3.1.1.6}{\376\377\0003\000.\0001\000.\0001\000.\0006\000\040\000c\000l\000i\000e\000n\000t\000\137\000p}{subsection.3.1.1}% 13
\BOOKMARK [3][-]{subsubsection.3.1.1.7}{\376\377\0003\000.\0001\000.\0001\000.\0007\000\040\000c\000l\000i\000e\000n\000t\000\137\000s\000d}{subsection.3.1.1}% 14
\BOOKMARK [3][-]{subsubsection.3.1.1.8}{\376\377\0003\000.\0001\000.\0001\000.\0008\000\040\000d\000c\000\137\000m\000i\000s\000m\000a\000t\000c\000h}{subsection.3.1.1}% 15
\BOOKMARK [3][-]{subsubsection.3.1.1.9}{\376\377\0003\000.\0001\000.\0001\000.\0009\000\040\000d\000l\000\137\000e\000x\000c\000e\000s\000s}{subsection.3.1.1}% 16
\BOOKMARK [3][-]{subsubsection.3.1.1.10}{\376\377\0003\000.\0001\000.\0001\000.\0001\0000\000\040\000d\000l\000\137\000e\000x\000c\000e\000s\000s\000\137\000a\000d\000j}{subsection.3.1.1}% 17
\BOOKMARK [3][-]{subsubsection.3.1.1.11}{\376\377\0003\000.\0001\000.\0001\000.\0001\0001\000\040\000d\000u\000m\000p\000l\000o\000a\000d}{subsection.3.1.1}% 18
\BOOKMARK [3][-]{subsubsection.3.1.1.12}{\376\377\0003\000.\0001\000.\0001\000.\0001\0002\000\040\000f\000m\0008\0000}{subsection.3.1.1}% 19
\BOOKMARK [3][-]{subsubsection.3.1.1.13}{\376\377\0003\000.\0001\000.\0001\000.\0001\0003\000\040\000g\000t\000i\000\137\000d\000e\000l\000a\000y}{subsection.3.1.1}% 20
\BOOKMARK [3][-]{subsubsection.3.1.1.14}{\376\377\0003\000.\0001\000.\0001\000.\0001\0004\000\040\000g\000t\000i\000\137\000l\000o\000w\000\137\000a\000d\000j}{subsection.3.1.1}% 21
\BOOKMARK [3][-]{subsubsection.3.1.1.15}{\376\377\0003\000.\0001\000.\0001\000.\0001\0005\000\040\000g\000t\000i\000\137\000s\000w\000\137\000o\000n}{subsection.3.1.1}% 22
\BOOKMARK [3][-]{subsubsection.3.1.1.16}{\376\377\0003\000.\0001\000.\0001\000.\0001\0006\000\040\000g\000t\000i\000\137\000s\000w\000\137\000s\000t\000a\000t\000u\000s}{subsection.3.1.1}% 23
\BOOKMARK [3][-]{subsubsection.3.1.1.17}{\376\377\0003\000.\0001\000.\0001\000.\0001\0007\000\040\000h\000a\000\137\000l\000o\000c\000k}{subsection.3.1.1}% 24
\BOOKMARK [3][-]{subsubsection.3.1.1.18}{\376\377\0003\000.\0001\000.\0001\000.\0001\0008\000\040\000h\000o\000m\000e\000a\000s\000s\000i\000s\000t\000a\000n\000t}{subsection.3.1.1}% 25
\BOOKMARK [3][-]{subsubsection.3.1.1.19}{\376\377\0003\000.\0001\000.\0001\000.\0001\0009\000\040\000i\000a\000m\000m\000e\000t\000e\000r}{subsection.3.1.1}% 26
\BOOKMARK [3][-]{subsubsection.3.1.1.20}{\376\377\0003\000.\0001\000.\0001\000.\0002\0000\000\040\000i\000m\000\137\000d\000e\000l\000a\000y}{subsection.3.1.1}% 27
\BOOKMARK [3][-]{subsubsection.3.1.1.21}{\376\377\0003\000.\0001\000.\0001\000.\0002\0001\000\040\000i\000m\000\137\000d\000i\000s\000p\000l\000a\000y}{subsection.3.1.1}% 28
\BOOKMARK [3][-]{subsubsection.3.1.1.22}{\376\377\0003\000.\0001\000.\0001\000.\0002\0002\000\040\000i\000m\000\137\000v\000a\000r\000s}{subsection.3.1.1}% 29
\BOOKMARK [3][-]{subsubsection.3.1.1.23}{\376\377\0003\000.\0001\000.\0001\000.\0002\0003\000\040\000l\000i\000n\000k}{subsection.3.1.1}% 30
\BOOKMARK [3][-]{subsubsection.3.1.1.24}{\376\377\0003\000.\0001\000.\0001\000.\0002\0004\000\040\000l\000o\000g\000\137\000s\000p\000a\000m}{subsection.3.1.1}% 31
\BOOKMARK [3][-]{subsubsection.3.1.1.25}{\376\377\0003\000.\0001\000.\0001\000.\0002\0005\000\040\000l\000o\000g\000\137\000t\000i\000m\000e\000\137\000r\000e\000s\000e\000t}{subsection.3.1.1}% 32
\BOOKMARK [3][-]{subsubsection.3.1.1.26}{\376\377\0003\000.\0001\000.\0001\000.\0002\0006\000\040\000m\000o\000d\000e}{subsection.3.1.1}% 33
\BOOKMARK [3][-]{subsubsection.3.1.1.27}{\376\377\0003\000.\0001\000.\0001\000.\0002\0007\000\040\000m\000o\000d\000e\000\137\000m\000i\000s\000m\000a\000t\000c\000h}{subsection.3.1.1}% 34
\BOOKMARK [3][-]{subsubsection.3.1.1.28}{\376\377\0003\000.\0001\000.\0001\000.\0002\0008\000\040\000m\000v\000a\000r}{subsection.3.1.1}% 35
\BOOKMARK [3][-]{subsubsection.3.1.1.29}{\376\377\0003\000.\0001\000.\0001\000.\0002\0009\000\040\000o\000n\000c\000e\000\137\000a\000c}{subsection.3.1.1}% 36
\BOOKMARK [3][-]{subsubsection.3.1.1.30}{\376\377\0003\000.\0001\000.\0001\000.\0003\0000\000\040\000o\000n\000c\000e\000\137\000g\000t\000i}{subsection.3.1.1}% 37
\BOOKMARK [3][-]{subsubsection.3.1.1.31}{\376\377\0003\000.\0001\000.\0001\000.\0003\0001\000\040\000o\000n\000c\000e\000\137\000g\000t\000i\000\137\000z\000e\000r\000o}{subsection.3.1.1}% 38
\BOOKMARK [3][-]{subsubsection.3.1.1.32}{\376\377\0003\000.\0001\000.\0001\000.\0003\0002\000\040\000p\000r\000i\000n\000t\000\137\000v\000a\000r\000s}{subsection.3.1.1}% 39
\BOOKMARK [3][-]{subsubsection.3.1.1.33}{\376\377\0003\000.\0001\000.\0001\000.\0003\0003\000\040\000r\000c}{subsection.3.1.1}% 40
\BOOKMARK [3][-]{subsubsection.3.1.1.34}{\376\377\0003\000.\0001\000.\0001\000.\0003\0004\000\040\000s\000a\000n\000e}{subsection.3.1.1}% 41
\BOOKMARK [3][-]{subsubsection.3.1.1.35}{\376\377\0003\000.\0001\000.\0001\000.\0003\0005\000\040\000s\000o\000l\000a\000r\000\137\000m\000o\000d\000e}{subsection.3.1.1}% 42
\BOOKMARK [3][-]{subsubsection.3.1.1.36}{\376\377\0003\000.\0001\000.\0001\000.\0003\0006\000\040\000s\000o\000l\000a\000r\000\137\000s\000h\000u\000t\000d\000o\000w\000n}{subsection.3.1.1}% 43
\BOOKMARK [3][-]{subsubsection.3.1.1.37}{\376\377\0003\000.\0001\000.\0001\000.\0003\0007\000\040\000s\000p\000e\000e\000d\000\137\000g\000o}{subsection.3.1.1}% 44
\BOOKMARK [3][-]{subsubsection.3.1.1.38}{\376\377\0003\000.\0001\000.\0001\000.\0003\0008\000\040\000s\000t\000a\000r\000t\000u\000p}{subsection.3.1.1}% 45
\BOOKMARK [3][-]{subsubsection.3.1.1.39}{\376\377\0003\000.\0001\000.\0001\000.\0003\0009\000\040\000t\000e\000n\000\137\000s\000e\000c\000\137\000c\000l\000o\000c\000k}{subsection.3.1.1}% 46
\BOOKMARK [1][-]{section.3.2}{\376\377\0003\000.\0002\000\040\000h\000a\000\137\000f\000l\000a\000g\000\137\000t\000y\000p\000e\000\040\000S\000t\000r\000u\000c\000t\000\040\000R\000e\000f\000e\000r\000e\000n\000c\000e}{chapter.3}% 47
\BOOKMARK [2][-]{subsection.3.2.1}{\376\377\0003\000.\0002\000.\0001\000\040\000F\000i\000e\000l\000d\000\040\000D\000o\000c\000u\000m\000e\000n\000t\000a\000t\000i\000o\000n}{section.3.2}% 48
\BOOKMARK [3][-]{subsubsection.3.2.1.1}{\376\377\0003\000.\0002\000.\0001\000.\0001\000\040\000d\000e\000l\000i\000v\000e\000r\000e\000d\000t\000o\000k\000e\000n}{subsection.3.2.1}% 49
\BOOKMARK [3][-]{subsubsection.3.2.1.2}{\376\377\0003\000.\0002\000.\0001\000.\0002\000\040\000e\000n\000e\000r\000g\000y\000\137\000m\000o\000d\000e}{subsection.3.2.1}% 50
\BOOKMARK [3][-]{subsubsection.3.2.1.3}{\376\377\0003\000.\0002\000.\0001\000.\0003\000\040\000h\000a\000\137\000i\000d}{subsection.3.2.1}% 51
\BOOKMARK [3][-]{subsubsection.3.2.1.4}{\376\377\0003\000.\0002\000.\0001\000.\0004\000\040\000r\000e\000c\000\137\000o\000k}{subsection.3.2.1}% 52
\BOOKMARK [3][-]{subsubsection.3.2.1.5}{\376\377\0003\000.\0002\000.\0001\000.\0005\000\040\000r\000e\000c\000e\000i\000v\000e\000d\000t\000o\000k\000e\000n}{subsection.3.2.1}% 53
\BOOKMARK [3][-]{subsubsection.3.2.1.6}{\376\377\0003\000.\0002\000.\0001\000.\0006\000\040\000r\000u\000n\000n\000e\000r}{subsection.3.2.1}% 54
\BOOKMARK [3][-]{subsubsection.3.2.1.7}{\376\377\0003\000.\0002\000.\0001\000.\0007\000\040\000v\000a\000r\000\137\000u\000p\000d\000a\000t\000e}{subsection.3.2.1}% 55
\BOOKMARK [1][-]{section.3.3}{\376\377\0003\000.\0003\000\040\000l\000i\000n\000k\000\137\000t\000y\000p\000e\000\040\000S\000t\000r\000u\000c\000t\000\040\000R\000e\000f\000e\000r\000e\000n\000c\000e}{chapter.3}% 56
\BOOKMARK [2][-]{subsection.3.3.1}{\376\377\0003\000.\0003\000.\0001\000\040\000F\000i\000e\000l\000d\000\040\000D\000o\000c\000u\000m\000e\000n\000t\000a\000t\000i\000o\000n}{section.3.3}% 57
\BOOKMARK [3][-]{subsubsection.3.3.1.1}{\376\377\0003\000.\0003\000.\0001\000.\0001\000\040\000i\000a\000m\000m\000e\000t\000e\000r\000\137\000c\000o\000u\000n\000t}{subsection.3.3.1}% 58
\BOOKMARK [3][-]{subsubsection.3.3.1.2}{\376\377\0003\000.\0003\000.\0001\000.\0002\000\040\000i\000a\000m\000m\000e\000t\000e\000r\000\137\000e\000r\000r\000o\000r}{subsection.3.3.1}% 59
\BOOKMARK [3][-]{subsubsection.3.3.1.3}{\376\377\0003\000.\0003\000.\0001\000.\0003\000\040\000m\000q\000t\000t\000\137\000c\000o\000u\000n\000t}{subsection.3.3.1}% 60
\BOOKMARK [3][-]{subsubsection.3.3.1.4}{\376\377\0003\000.\0003\000.\0001\000.\0004\000\040\000m\000q\000t\000t\000\137\000e\000r\000r\000o\000r}{subsection.3.3.1}% 61
\BOOKMARK [3][-]{subsubsection.3.3.1.5}{\376\377\0003\000.\0003\000.\0001\000.\0005\000\040\000s\000h\000u\000t\000d\000o\000w\000n}{subsection.3.3.1}% 62
\BOOKMARK [1][-]{section.3.4}{\376\377\0003\000.\0004\000\040\000l\000o\000c\000a\000l\000\137\000t\000y\000p\000e\000\040\000S\000t\000r\000u\000c\000t\000\040\000R\000e\000f\000e\000r\000e\000n\000c\000e}{chapter.3}% 63
\BOOKMARK [2][-]{subsection.3.4.1}{\376\377\0003\000.\0004\000.\0001\000\040\000F\000i\000e\000l\000d\000\040\000D\000o\000c\000u\000m\000e\000n\000t\000a\000t\000i\000o\000n}{section.3.4}% 64
\BOOKMARK [3][-]{subsubsection.3.4.1.1}{\376\377\0003\000.\0004\000.\0001\000.\0001\000\040\000a\000c\000\137\000w\000e\000i\000g\000h\000t}{subsection.3.4.1}% 65
\BOOKMARK [3][-]{subsubsection.3.4.1.2}{\376\377\0003\000.\0004\000.\0001\000.\0002\000\040\000b\000a\000t\000\137\000c\000\137\000s\000t\000d\000\137\000d\000e\000v}{subsection.3.4.1}% 66
\BOOKMARK [3][-]{subsubsection.3.4.1.3}{\376\377\0003\000.\0004\000.\0001\000.\0003\000\040\000b\000a\000t\000\137\000c\000u\000r\000r\000e\000n\000t}{subsection.3.4.1}% 67
\BOOKMARK [3][-]{subsubsection.3.4.1.4}{\376\377\0003\000.\0004\000.\0001\000.\0004\000\040\000b\000a\000t\000\137\000v\000o\000l\000t\000a\000g\000e}{subsection.3.4.1}% 68
\BOOKMARK [3][-]{subsubsection.3.4.1.5}{\376\377\0003\000.\0004\000.\0001\000.\0005\000\040\000b\000a\000t\000c\000\137\000s\000t\000d\000\137\000d\000e\000v}{subsection.3.4.1}% 69
\BOOKMARK [3][-]{subsubsection.3.4.1.6}{\376\377\0003\000.\0004\000.\0001\000.\0006\000\040\000c\000o\000e\000f}{subsection.3.4.1}% 70
\BOOKMARK [3][-]{subsubsection.3.4.1.7}{\376\377\0003\000.\0004\000.\0001\000.\0007\000\040\000g\000t\000i\000\137\000w\000e\000i\000g\000h\000t}{subsection.3.4.1}% 71
\BOOKMARK [3][-]{subsubsection.3.4.1.8}{\376\377\0003\000.\0004\000.\0001\000.\0008\000\040\000p\000v\000\137\000v\000o\000l\000t\000a\000g\000e}{subsection.3.4.1}% 72
\BOOKMARK [1][-]{section.3.5}{\376\377\0003\000.\0005\000\040\000m\000o\000d\000e\000\137\000t\000y\000p\000e\000\040\000S\000t\000r\000u\000c\000t\000\040\000R\000e\000f\000e\000r\000e\000n\000c\000e}{chapter.3}% 73
\BOOKMARK [2][-]{subsection.3.5.1}{\376\377\0003\000.\0005\000.\0001\000\040\000F\000i\000e\000l\000d\000\040\000D\000o\000c\000u\000m\000e\000n\000t\000a\000t\000i\000o\000n}{section.3.5}% 74
\BOOKMARK [3][-]{subsubsection.3.5.1.1}{\376\377\0003\000.\0005\000.\0001\000.\0001\000\040\000b\000a\000t\000\137\000c\000r\000i\000t}{subsection.3.5.1}% 75
\BOOKMARK [3][-]{subsubsection.3.5.1.2}{\376\377\0003\000.\0005\000.\0001\000.\0002\000\040\000c\000o\000n\0000}{subsection.3.5.1}% 76
\BOOKMARK [3][-]{subsubsection.3.5.1.3}{\376\377\0003\000.\0005\000.\0001\000.\0003\000\040\000c\000o\000n\0001}{subsection.3.5.1}% 77
\BOOKMARK [3][-]{subsubsection.3.5.1.4}{\376\377\0003\000.\0005\000.\0001\000.\0004\000\040\000c\000o\000n\0002}{subsection.3.5.1}% 78
\BOOKMARK [3][-]{subsubsection.3.5.1.5}{\376\377\0003\000.\0005\000.\0001\000.\0005\000\040\000c\000o\000n\0003}{subsection.3.5.1}% 79
\BOOKMARK [3][-]{subsubsection.3.5.1.6}{\376\377\0003\000.\0005\000.\0001\000.\0006\000\040\000c\000o\000n\0004}{subsection.3.5.1}% 80
\BOOKMARK [3][-]{subsubsection.3.5.1.7}{\376\377\0003\000.\0005\000.\0001\000.\0007\000\040\000c\000o\000n\0005}{subsection.3.5.1}% 81
\BOOKMARK [3][-]{subsubsection.3.5.1.8}{\376\377\0003\000.\0005\000.\0001\000.\0008\000\040\000c\000o\000n\0006}{subsection.3.5.1}% 82
\BOOKMARK [3][-]{subsubsection.3.5.1.9}{\376\377\0003\000.\0005\000.\0001\000.\0009\000\040\000c\000o\000n\0007}{subsection.3.5.1}% 83
\BOOKMARK [3][-]{subsubsection.3.5.1.10}{\376\377\0003\000.\0005\000.\0001\000.\0001\0000\000\040\000d\000a\000t\000a\000\137\000e\000r\000r\000o\000r}{subsection.3.5.1}% 84
\BOOKMARK [3][-]{subsubsection.3.5.1.11}{\376\377\0003\000.\0005\000.\0001\000.\0001\0001\000\040\000d\000l\000\137\000m\000q\000t\000t\000\137\000m\000a\000x}{subsection.3.5.1}% 85
\BOOKMARK [3][-]{subsubsection.3.5.1.12}{\376\377\0003\000.\0005\000.\0001\000.\0001\0002\000\040\000E}{subsection.3.5.1}% 86
\BOOKMARK [3][-]{subsubsection.3.5.1.13}{\376\377\0003\000.\0005\000.\0001\000.\0001\0003\000\040\000e\000r\000r\000o\000r}{subsection.3.5.1}% 87
\BOOKMARK [3][-]{subsubsection.3.5.1.14}{\376\377\0003\000.\0005\000.\0001\000.\0001\0004\000\040\000g\000t\000i\000\137\000d\000u\000m\000p\000l\000o\000a\000d}{subsection.3.5.1}% 88
\BOOKMARK [3][-]{subsubsection.3.5.1.15}{\376\377\0003\000.\0005\000.\0001\000.\0001\0005\000\040\000i\000n\000\137\000p\000i\000d\000\137\000c\000o\000n\000t\000r\000o\000l}{subsection.3.5.1}% 89
\BOOKMARK [3][-]{subsubsection.3.5.1.16}{\376\377\0003\000.\0005\000.\0001\000.\0001\0006\000\040\000m\000o\000d\000e}{subsection.3.5.1}% 90
\BOOKMARK [3][-]{subsubsection.3.5.1.17}{\376\377\0003\000.\0005\000.\0001\000.\0001\0007\000\040\000m\000o\000d\000e\000\137\000t\000m\000r}{subsection.3.5.1}% 91
\BOOKMARK [3][-]{subsubsection.3.5.1.18}{\376\377\0003\000.\0005\000.\0001\000.\0001\0008\000\040\000n\000o\000\137\000f\000l\000o\000a\000t}{subsection.3.5.1}% 92
\BOOKMARK [3][-]{subsubsection.3.5.1.19}{\376\377\0003\000.\0005\000.\0001\000.\0001\0009\000\040\000o\000f\000f\000\137\000g\000r\000i\000d}{subsection.3.5.1}% 93
\BOOKMARK [3][-]{subsubsection.3.5.1.20}{\376\377\0003\000.\0005\000.\0001\000.\0002\0000\000\040\000p\000i\000d}{subsection.3.5.1}% 94
\BOOKMARK [3][-]{subsubsection.3.5.1.21}{\376\377\0003\000.\0005\000.\0001\000.\0002\0001\000\040\000p\000v\000\137\000b\000i\000a\000s}{subsection.3.5.1}% 95
\BOOKMARK [3][-]{subsubsection.3.5.1.22}{\376\377\0003\000.\0005\000.\0001\000.\0002\0002\000\040\000R}{subsection.3.5.1}% 96
\BOOKMARK [3][-]{subsubsection.3.5.1.23}{\376\377\0003\000.\0005\000.\0001\000.\0002\0003\000\040\000s\000e\000q\000u\000e\000n\000c\000e}{subsection.3.5.1}% 97
\BOOKMARK [3][-]{subsubsection.3.5.1.24}{\376\377\0003\000.\0005\000.\0001\000.\0002\0004\000\040\000t\000a\000r\000g\000e\000t}{subsection.3.5.1}% 98
\BOOKMARK [3][-]{subsubsection.3.5.1.25}{\376\377\0003\000.\0005\000.\0001\000.\0002\0005\000\040\000t\000o\000t\000a\000l\000\137\000s\000y\000s\000t\000e\000m}{subsection.3.5.1}% 99
\BOOKMARK [1][-]{section.3.6}{\376\377\0003\000.\0006\000\040\000S\000P\000i\000d\000\040\000S\000t\000r\000u\000c\000t\000\040\000R\000e\000f\000e\000r\000e\000n\000c\000e}{chapter.3}% 100
\BOOKMARK [2][-]{subsection.3.6.1}{\376\377\0003\000.\0006\000.\0001\000\040\000F\000i\000e\000l\000d\000\040\000D\000o\000c\000u\000m\000e\000n\000t\000a\000t\000i\000o\000n}{section.3.6}% 101
\BOOKMARK [3][-]{subsubsection.3.6.1.1}{\376\377\0003\000.\0006\000.\0001\000.\0001\000\040\000d\000G\000a\000i\000n}{subsection.3.6.1}% 102
\BOOKMARK [3][-]{subsubsection.3.6.1.2}{\376\377\0003\000.\0006\000.\0001\000.\0002\000\040\000d\000S\000t\000a\000t\000e}{subsection.3.6.1}% 103
\BOOKMARK [3][-]{subsubsection.3.6.1.3}{\376\377\0003\000.\0006\000.\0001\000.\0003\000\040\000i\000G\000a\000i\000n}{subsection.3.6.1}% 104
\BOOKMARK [3][-]{subsubsection.3.6.1.4}{\376\377\0003\000.\0006\000.\0001\000.\0004\000\040\000i\000M\000a\000x}{subsection.3.6.1}% 105
\BOOKMARK [3][-]{subsubsection.3.6.1.5}{\376\377\0003\000.\0006\000.\0001\000.\0005\000\040\000i\000M\000i\000n}{subsection.3.6.1}% 106
\BOOKMARK [3][-]{subsubsection.3.6.1.6}{\376\377\0003\000.\0006\000.\0001\000.\0006\000\040\000i\000S\000t\000a\000t\000e}{subsection.3.6.1}% 107
\BOOKMARK [3][-]{subsubsection.3.6.1.7}{\376\377\0003\000.\0006\000.\0001\000.\0007\000\040\000p\000G\000a\000i\000n}{subsection.3.6.1}% 108
\BOOKMARK [0][-]{chapter.4}{\376\377\0004\000\040\000F\000i\000l\000e\000\040\000D\000o\000c\000u\000m\000e\000n\000t\000a\000t\000i\000o\000n}{}% 109
\BOOKMARK [1][-]{section.4.1}{\376\377\0004\000.\0001\000\040\000e\000n\000e\000r\000g\000y\000.\000c\000\040\000F\000i\000l\000e\000\040\000R\000e\000f\000e\000r\000e\000n\000c\000e}{chapter.4}% 110
\BOOKMARK [2][-]{subsection.4.1.1}{\376\377\0004\000.\0001\000.\0001\000\040\000M\000a\000c\000r\000o\000\040\000D\000e\000f\000i\000n\000i\000t\000i\000o\000n\000\040\000D\000o\000c\000u\000m\000e\000n\000t\000a\000t\000i\000o\000n}{section.4.1}% 111
\BOOKMARK [3][-]{subsubsection.4.1.1.1}{\376\377\0004\000.\0001\000.\0001\000.\0001\000\040\000\137\000D\000E\000F\000A\000U\000L\000T\000\137\000S\000O\000U\000R\000C\000E}{subsection.4.1.1}% 112
\BOOKMARK [2][-]{subsection.4.1.2}{\376\377\0004\000.\0001\000.\0002\000\040\000F\000u\000n\000c\000t\000i\000o\000n\000\040\000D\000o\000c\000u\000m\000e\000n\000t\000a\000t\000i\000o\000n}{section.4.1}% 113
\BOOKMARK [3][-]{subsubsection.4.1.2.1}{\376\377\0004\000.\0001\000.\0002\000.\0001\000\040\000c\000o\000n\000n\000l\000o\000s\000t\000\050\000\051}{subsection.4.1.2}% 114
\BOOKMARK [3][-]{subsubsection.4.1.2.2}{\376\377\0004\000.\0001\000.\0002\000.\0002\000\040\000h\000a\000\137\000a\000c\000\137\000o\000f\000f\000\050\000\051}{subsection.4.1.2}% 115
\BOOKMARK [3][-]{subsubsection.4.1.2.3}{\376\377\0004\000.\0001\000.\0002\000.\0003\000\040\000h\000a\000\137\000a\000c\000\137\000o\000n\000\050\000\051}{subsection.4.1.2}% 116
\BOOKMARK [3][-]{subsubsection.4.1.2.4}{\376\377\0004\000.\0001\000.\0002\000.\0004\000\040\000h\000a\000\137\000d\000c\000\137\000o\000f\000f\000\050\000\051}{subsection.4.1.2}% 117
\BOOKMARK [3][-]{subsubsection.4.1.2.5}{\376\377\0004\000.\0001\000.\0002\000.\0005\000\040\000h\000a\000\137\000d\000c\000\137\000o\000n\000\050\000\051}{subsection.4.1.2}% 118
\BOOKMARK [3][-]{subsubsection.4.1.2.6}{\376\377\0004\000.\0001\000.\0002\000.\0006\000\040\000l\000o\000g\000\137\000t\000i\000m\000e\000\050\000\051}{subsection.4.1.2}% 119
\BOOKMARK [3][-]{subsubsection.4.1.2.7}{\376\377\0004\000.\0001\000.\0002\000.\0007\000\040\000l\000o\000g\000\137\000t\000i\000m\000e\000r\000\050\000\051}{subsection.4.1.2}% 120
\BOOKMARK [3][-]{subsubsection.4.1.2.8}{\376\377\0004\000.\0001\000.\0002\000.\0008\000\040\000m\000a\000i\000n\000\050\000\051}{subsection.4.1.2}% 121
\BOOKMARK [3][-]{subsubsection.4.1.2.9}{\376\377\0004\000.\0001\000.\0002\000.\0009\000\040\000r\000a\000m\000p\000\137\000d\000o\000w\000n\000\137\000a\000c\000\050\000\051}{subsection.4.1.2}% 122
\BOOKMARK [3][-]{subsubsection.4.1.2.10}{\376\377\0004\000.\0001\000.\0002\000.\0001\0000\000\040\000r\000a\000m\000p\000\137\000d\000o\000w\000n\000\137\000g\000t\000i\000\050\000\051}{subsection.4.1.2}% 123
\BOOKMARK [3][-]{subsubsection.4.1.2.11}{\376\377\0004\000.\0001\000.\0002\000.\0001\0001\000\040\000r\000a\000m\000p\000\137\000u\000p\000\137\000a\000c\000\050\000\051}{subsection.4.1.2}% 124
\BOOKMARK [3][-]{subsubsection.4.1.2.12}{\376\377\0004\000.\0001\000.\0002\000.\0001\0002\000\040\000r\000a\000m\000p\000\137\000u\000p\000\137\000g\000t\000i\000\050\000\051}{subsection.4.1.2}% 125
\BOOKMARK [3][-]{subsubsection.4.1.2.13}{\376\377\0004\000.\0001\000.\0002\000.\0001\0003\000\040\000s\000a\000n\000i\000t\000y\000\137\000c\000h\000e\000c\000k\000\050\000\051}{subsection.4.1.2}% 126
\BOOKMARK [3][-]{subsubsection.4.1.2.14}{\376\377\0004\000.\0001\000.\0002\000.\0001\0004\000\040\000s\000h\000o\000w\000I\000P\000\050\000\051}{subsection.4.1.2}% 127
\BOOKMARK [3][-]{subsubsection.4.1.2.15}{\376\377\0004\000.\0001\000.\0002\000.\0001\0005\000\040\000s\000k\000e\000l\000e\000t\000o\000n\000\137\000d\000a\000e\000m\000o\000n\000\050\000\051}{subsection.4.1.2}% 128
\BOOKMARK [3][-]{subsubsection.4.1.2.16}{\376\377\0004\000.\0001\000.\0002\000.\0001\0006\000\040\000s\000o\000l\000a\000r\000\137\000s\000h\000u\000t\000d\000o\000w\000n\000\050\000\051}{subsection.4.1.2}% 129
\BOOKMARK [3][-]{subsubsection.4.1.2.17}{\376\377\0004\000.\0001\000.\0002\000.\0001\0007\000\040\000s\000y\000n\000c\000\137\000h\000a\000\050\000\051}{subsection.4.1.2}% 130
\BOOKMARK [3][-]{subsubsection.4.1.2.18}{\376\377\0004\000.\0001\000.\0002\000.\0001\0008\000\040\000t\000i\000m\000e\000r\000\137\000c\000a\000l\000l\000b\000a\000c\000k\000\050\000\051}{subsection.4.1.2}% 131
\BOOKMARK [2][-]{subsection.4.1.3}{\376\377\0004\000.\0001\000.\0003\000\040\000V\000a\000r\000i\000a\000b\000l\000e\000\040\000D\000o\000c\000u\000m\000e\000n\000t\000a\000t\000i\000o\000n}{section.4.1}% 132
\BOOKMARK [3][-]{subsubsection.4.1.3.1}{\376\377\0004\000.\0001\000.\0003\000.\0001\000\040\000b\000o\000a\000r\000d\000\137\000n\000a\000m\000e}{subsection.4.1.3}% 133
\BOOKMARK [3][-]{subsubsection.4.1.3.2}{\376\377\0004\000.\0001\000.\0003\000.\0002\000\040\000d\000r\000i\000v\000e\000r\000\137\000n\000a\000m\000e}{subsection.4.1.3}% 134
\BOOKMARK [3][-]{subsubsection.4.1.3.3}{\376\377\0004\000.\0001\000.\0003\000.\0003\000\040\000E}{subsection.4.1.3}% 135
\BOOKMARK [3][-]{subsubsection.4.1.3.4}{\376\377\0004\000.\0001\000.\0003\000.\0004\000\040\000f\000o\000u\000t}{subsection.4.1.3}% 136
\BOOKMARK [3][-]{subsubsection.4.1.3.5}{\376\377\0004\000.\0001\000.\0003\000.\0005\000\040\000h\000a\000\137\000f\000l\000a\000g\000\137\000v\000a\000r\000s\000\137\000h\000a}{subsection.4.1.3}% 137
\BOOKMARK [3][-]{subsubsection.4.1.3.6}{\376\377\0004\000.\0001\000.\0003\000.\0006\000\040\000h\000a\000\137\000f\000l\000a\000g\000\137\000v\000a\000r\000s\000\137\000p\000c}{subsection.4.1.3}% 138
\BOOKMARK [3][-]{subsubsection.4.1.3.7}{\376\377\0004\000.\0001\000.\0003\000.\0007\000\040\000h\000a\000\137\000f\000l\000a\000g\000\137\000v\000a\000r\000s\000\137\000s\000d}{subsection.4.1.3}% 139
\BOOKMARK [3][-]{subsubsection.4.1.3.8}{\376\377\0004\000.\0001\000.\0003\000.\0008\000\040\000h\000a\000\137\000f\000l\000a\000g\000\137\000v\000a\000r\000s\000\137\000s\000s}{subsection.4.1.3}% 140
\BOOKMARK [1][-]{section.4.2}{\376\377\0004\000.\0002\000\040\000h\000a\000\137\000e\000n\000e\000r\000g\000y\000/\000.\000d\000e\000p\000.\000i\000n\000c\000\040\000F\000i\000l\000e\000\040\000R\000e\000f\000e\000r\000e\000n\000c\000e}{chapter.4}% 141
\BOOKMARK [1][-]{section.4.3}{\376\377\0004\000.\0003\000\040\000h\000a\000\137\000e\000n\000e\000r\000g\000y\000/\000b\000s\000o\000c\000.\000c\000\040\000F\000i\000l\000e\000\040\000R\000e\000f\000e\000r\000e\000n\000c\000e}{chapter.4}% 142
\BOOKMARK [2][-]{subsection.4.3.1}{\376\377\0004\000.\0003\000.\0001\000\040\000F\000u\000n\000c\000t\000i\000o\000n\000\040\000D\000o\000c\000u\000m\000e\000n\000t\000a\000t\000i\000o\000n}{section.4.3}% 143
\BOOKMARK [3][-]{subsubsection.4.3.1.1}{\376\377\0004\000.\0003\000.\0001\000.\0001\000\040\000a\000c\0000\000\137\000f\000i\000l\000t\000e\000r\000\050\000\051}{subsection.4.3.1}% 144
\BOOKMARK [3][-]{subsubsection.4.3.1.2}{\376\377\0004\000.\0003\000.\0001\000.\0002\000\040\000a\000c\0001\000\137\000f\000i\000l\000t\000e\000r\000\050\000\051}{subsection.4.3.1}% 145
\BOOKMARK [3][-]{subsubsection.4.3.1.3}{\376\377\0004\000.\0003\000.\0001\000.\0003\000\040\000a\000c\0002\000\137\000f\000i\000l\000t\000e\000r\000\050\000\051}{subsection.4.3.1}% 146
\BOOKMARK [3][-]{subsubsection.4.3.1.4}{\376\377\0004\000.\0003\000.\0001\000.\0004\000\040\000a\000c\000\137\000t\000e\000s\000t\000\050\000\051}{subsection.4.3.1}% 147
\BOOKMARK [3][-]{subsubsection.4.3.1.5}{\376\377\0004\000.\0003\000.\0001\000.\0005\000\040\000b\000a\000t\000\137\000c\000u\000r\000r\000e\000n\000t\000\137\000s\000t\000a\000b\000l\000e\000\050\000\051}{subsection.4.3.1}% 148
\BOOKMARK [3][-]{subsubsection.4.3.1.6}{\376\377\0004\000.\0003\000.\0001\000.\0006\000\040\000b\000s\000o\000c\000\137\000a\000c\000\050\000\051}{subsection.4.3.1}% 149
\BOOKMARK [3][-]{subsubsection.4.3.1.7}{\376\377\0004\000.\0003\000.\0001\000.\0007\000\040\000b\000s\000o\000c\000\137\000d\000a\000t\000a\000\137\000c\000o\000l\000l\000e\000c\000t\000\050\000\051}{subsection.4.3.1}% 150
\BOOKMARK [3][-]{subsubsection.4.3.1.8}{\376\377\0004\000.\0003\000.\0001\000.\0008\000\040\000b\000s\000o\000c\000\137\000g\000t\000i\000\050\000\051}{subsection.4.3.1}% 151
\BOOKMARK [3][-]{subsubsection.4.3.1.9}{\376\377\0004\000.\0003\000.\0001\000.\0009\000\040\000b\000s\000o\000c\000\137\000i\000n\000i\000t\000\050\000\051}{subsection.4.3.1}% 152
\BOOKMARK [3][-]{subsubsection.4.3.1.10}{\376\377\0004\000.\0003\000.\0001\000.\0001\0000\000\040\000b\000s\000o\000c\000\137\000s\000e\000t\000\137\000m\000o\000d\000e\000\050\000\051}{subsection.4.3.1}% 153
\BOOKMARK [3][-]{subsubsection.4.3.1.11}{\376\377\0004\000.\0003\000.\0001\000.\0001\0001\000\040\000b\000s\000o\000c\000\137\000s\000e\000t\000\137\000s\000t\000d\000\137\000d\000e\000v\000\050\000\051}{subsection.4.3.1}% 154
\BOOKMARK [3][-]{subsubsection.4.3.1.12}{\376\377\0004\000.\0003\000.\0001\000.\0001\0002\000\040\000c\000a\000l\000c\000u\000l\000a\000t\000e\000S\000t\000a\000n\000d\000a\000r\000d\000D\000e\000v\000i\000a\000t\000i\000o\000n\000\050\000\051}{subsection.4.3.1}% 155
\BOOKMARK [3][-]{subsubsection.4.3.1.13}{\376\377\0004\000.\0003\000.\0001\000.\0001\0003\000\040\000d\000c\0000\000\137\000f\000i\000l\000t\000e\000r\000\050\000\051}{subsection.4.3.1}% 156
\BOOKMARK [3][-]{subsubsection.4.3.1.14}{\376\377\0004\000.\0003\000.\0001\000.\0001\0004\000\040\000d\000c\0001\000\137\000f\000i\000l\000t\000e\000r\000\050\000\051}{subsection.4.3.1}% 157
\BOOKMARK [3][-]{subsubsection.4.3.1.15}{\376\377\0004\000.\0003\000.\0001\000.\0001\0005\000\040\000d\000c\0002\000\137\000f\000i\000l\000t\000e\000r\000\050\000\051}{subsection.4.3.1}% 158
\BOOKMARK [3][-]{subsubsection.4.3.1.16}{\376\377\0004\000.\0003\000.\0001\000.\0001\0006\000\040\000d\000r\000i\000v\000e\0000\000\137\000f\000i\000l\000t\000e\000r\000\050\000\051}{subsection.4.3.1}% 159
\BOOKMARK [3][-]{subsubsection.4.3.1.17}{\376\377\0004\000.\0003\000.\0001\000.\0001\0007\000\040\000d\000r\000i\000v\000e\0001\000\137\000f\000i\000l\000t\000e\000r\000\050\000\051}{subsection.4.3.1}% 160
\BOOKMARK [3][-]{subsubsection.4.3.1.18}{\376\377\0004\000.\0003\000.\0001\000.\0001\0008\000\040\000e\000r\000r\000o\000r\000\137\000f\000i\000l\000t\000e\000r\000\050\000\051}{subsection.4.3.1}% 161
\BOOKMARK [3][-]{subsubsection.4.3.1.19}{\376\377\0004\000.\0003\000.\0001\000.\0001\0009\000\040\000g\000e\000t\000\137\000b\000a\000t\000c\000\137\000d\000e\000v\000\050\000\051}{subsection.4.3.1}% 162
\BOOKMARK [3][-]{subsubsection.4.3.1.20}{\376\377\0004\000.\0003\000.\0001\000.\0002\0000\000\040\000g\000t\000i\000\137\000t\000e\000s\000t\000\050\000\051}{subsection.4.3.1}% 163
\BOOKMARK [2][-]{subsection.4.3.2}{\376\377\0004\000.\0003\000.\0002\000\040\000V\000a\000r\000i\000a\000b\000l\000e\000\040\000D\000o\000c\000u\000m\000e\000n\000t\000a\000t\000i\000o\000n}{section.4.3}% 164
\BOOKMARK [3][-]{subsubsection.4.3.2.1}{\376\377\0004\000.\0003\000.\0002\000.\0001\000\040\000L}{subsection.4.3.2}% 165
\BOOKMARK [3][-]{subsubsection.4.3.2.2}{\376\377\0004\000.\0003\000.\0002\000.\0002\000\040\000m\000q\000t\000t\000\137\000n\000a\000m\000e}{subsection.4.3.2}% 166
\BOOKMARK [1][-]{section.4.4}{\376\377\0004\000.\0004\000\040\000h\000a\000\137\000e\000n\000e\000r\000g\000y\000/\000b\000s\000o\000c\000.\000h\000\040\000F\000i\000l\000e\000\040\000R\000e\000f\000e\000r\000e\000n\000c\000e}{chapter.4}% 167
\BOOKMARK [2][-]{subsection.4.4.1}{\376\377\0004\000.\0004\000.\0001\000\040\000M\000a\000c\000r\000o\000\040\000D\000e\000f\000i\000n\000i\000t\000i\000o\000n\000\040\000D\000o\000c\000u\000m\000e\000n\000t\000a\000t\000i\000o\000n}{section.4.4}% 168
\BOOKMARK [3][-]{subsubsection.4.4.1.1}{\376\377\0004\000.\0004\000.\0001\000.\0001\000\040\000B\000A\000T\000\137\000C\000\137\000D\000R\000A\000W}{subsection.4.4.1}% 169
\BOOKMARK [3][-]{subsubsection.4.4.1.2}{\376\377\0004\000.\0004\000.\0001\000.\0002\000\040\000C\000O\000E\000F}{subsection.4.4.1}% 170
\BOOKMARK [3][-]{subsubsection.4.4.1.3}{\376\377\0004\000.\0004\000.\0001\000.\0003\000\040\000C\000O\000E\000F\000F}{subsection.4.4.1}% 171
\BOOKMARK [3][-]{subsubsection.4.4.1.4}{\376\377\0004\000.\0004\000.\0001\000.\0004\000\040\000C\000O\000E\000F\000N}{subsection.4.4.1}% 172
\BOOKMARK [3][-]{subsubsection.4.4.1.5}{\376\377\0004\000.\0004\000.\0001\000.\0005\000\040\000D\000E\000V\000\137\000S\000I\000Z\000E}{subsection.4.4.1}% 173
\BOOKMARK [3][-]{subsubsection.4.4.1.6}{\376\377\0004\000.\0004\000.\0001\000.\0006\000\040\000M\000A\000X\000\137\000B\000A\000T\000C\000\137\000D\000E\000V}{subsection.4.4.1}% 174
\BOOKMARK [3][-]{subsubsection.4.4.1.7}{\376\377\0004\000.\0004\000.\0001\000.\0007\000\040\000M\000I\000N\000\137\000B\000A\000T\000\137\000K\000W}{subsection.4.4.1}% 175
\BOOKMARK [3][-]{subsubsection.4.4.1.8}{\376\377\0004\000.\0004\000.\0001\000.\0008\000\040\000M\000I\000N\000\137\000B\000A\000T\000\137\000V\000O\000L\000T\000S}{subsection.4.4.1}% 176
\BOOKMARK [3][-]{subsubsection.4.4.1.9}{\376\377\0004\000.\0004\000.\0001\000.\0009\000\040\000M\000I\000N\000\137\000P\000V\000\137\000V\000O\000L\000T\000S}{subsection.4.4.1}% 177
\BOOKMARK [3][-]{subsubsection.4.4.1.10}{\376\377\0004\000.\0004\000.\0001\000.\0001\0000\000\040\000P\000B\000A\000L\000\137\000O\000F\000F\000S\000E\000T}{subsection.4.4.1}% 178
\BOOKMARK [3][-]{subsubsection.4.4.1.11}{\376\377\0004\000.\0004\000.\0001\000.\0001\0001\000\040\000P\000V\000\137\000F\000U\000L\000L\000\137\000P\000W\000R}{subsection.4.4.1}% 179
\BOOKMARK [3][-]{subsubsection.4.4.1.12}{\376\377\0004\000.\0004\000.\0001\000.\0001\0002\000\040\000P\000V\000\137\000M\000I\000N\000\137\000P\000W\000R}{subsection.4.4.1}% 180
\BOOKMARK [3][-]{subsubsection.4.4.1.13}{\376\377\0004\000.\0004\000.\0001\000.\0001\0003\000\040\000P\000V\000\137\000V\000\137\000F\000A\000K\000E}{subsection.4.4.1}% 181
\BOOKMARK [3][-]{subsubsection.4.4.1.14}{\376\377\0004\000.\0004\000.\0001\000.\0001\0004\000\040\000P\000V\000\137\000V\000\137\000N\000O\000M}{subsection.4.4.1}% 182
\BOOKMARK [2][-]{subsection.4.4.2}{\376\377\0004\000.\0004\000.\0002\000\040\000F\000u\000n\000c\000t\000i\000o\000n\000\040\000D\000o\000c\000u\000m\000e\000n\000t\000a\000t\000i\000o\000n}{section.4.4}% 183
\BOOKMARK [3][-]{subsubsection.4.4.2.1}{\376\377\0004\000.\0004\000.\0002\000.\0001\000\040\000a\000c\0000\000\137\000f\000i\000l\000t\000e\000r\000\050\000\051}{subsection.4.4.2}% 184
\BOOKMARK [3][-]{subsubsection.4.4.2.2}{\376\377\0004\000.\0004\000.\0002\000.\0002\000\040\000a\000c\0001\000\137\000f\000i\000l\000t\000e\000r\000\050\000\051}{subsection.4.4.2}% 185
\BOOKMARK [3][-]{subsubsection.4.4.2.3}{\376\377\0004\000.\0004\000.\0002\000.\0003\000\040\000a\000c\0002\000\137\000f\000i\000l\000t\000e\000r\000\050\000\051}{subsection.4.4.2}% 186
\BOOKMARK [3][-]{subsubsection.4.4.2.4}{\376\377\0004\000.\0004\000.\0002\000.\0004\000\040\000a\000c\000\137\000t\000e\000s\000t\000\050\000\051}{subsection.4.4.2}% 187
\BOOKMARK [3][-]{subsubsection.4.4.2.5}{\376\377\0004\000.\0004\000.\0002\000.\0005\000\040\000b\000a\000t\000\137\000c\000u\000r\000r\000e\000n\000t\000\137\000s\000t\000a\000b\000l\000e\000\050\000\051}{subsection.4.4.2}% 188
\BOOKMARK [3][-]{subsubsection.4.4.2.6}{\376\377\0004\000.\0004\000.\0002\000.\0006\000\040\000b\000s\000o\000c\000\137\000a\000c\000\050\000\051}{subsection.4.4.2}% 189
\BOOKMARK [3][-]{subsubsection.4.4.2.7}{\376\377\0004\000.\0004\000.\0002\000.\0007\000\040\000b\000s\000o\000c\000\137\000d\000a\000t\000a\000\137\000c\000o\000l\000l\000e\000c\000t\000\050\000\051}{subsection.4.4.2}% 190
\BOOKMARK [3][-]{subsubsection.4.4.2.8}{\376\377\0004\000.\0004\000.\0002\000.\0008\000\040\000b\000s\000o\000c\000\137\000g\000t\000i\000\050\000\051}{subsection.4.4.2}% 191
\BOOKMARK [3][-]{subsubsection.4.4.2.9}{\376\377\0004\000.\0004\000.\0002\000.\0009\000\040\000b\000s\000o\000c\000\137\000i\000n\000i\000t\000\050\000\051}{subsection.4.4.2}% 192
\BOOKMARK [3][-]{subsubsection.4.4.2.10}{\376\377\0004\000.\0004\000.\0002\000.\0001\0000\000\040\000b\000s\000o\000c\000\137\000s\000e\000t\000\137\000m\000o\000d\000e\000\050\000\051}{subsection.4.4.2}% 193
\BOOKMARK [3][-]{subsubsection.4.4.2.11}{\376\377\0004\000.\0004\000.\0002\000.\0001\0001\000\040\000b\000s\000o\000c\000\137\000s\000e\000t\000\137\000s\000t\000d\000\137\000d\000e\000v\000\050\000\051}{subsection.4.4.2}% 194
\BOOKMARK [3][-]{subsubsection.4.4.2.12}{\376\377\0004\000.\0004\000.\0002\000.\0001\0002\000\040\000c\000a\000l\000c\000u\000l\000a\000t\000e\000S\000t\000a\000n\000d\000a\000r\000d\000D\000e\000v\000i\000a\000t\000i\000o\000n\000\050\000\051}{subsection.4.4.2}% 195
\BOOKMARK [3][-]{subsubsection.4.4.2.13}{\376\377\0004\000.\0004\000.\0002\000.\0001\0003\000\040\000d\000c\0000\000\137\000f\000i\000l\000t\000e\000r\000\050\000\051}{subsection.4.4.2}% 196
\BOOKMARK [3][-]{subsubsection.4.4.2.14}{\376\377\0004\000.\0004\000.\0002\000.\0001\0004\000\040\000d\000c\0001\000\137\000f\000i\000l\000t\000e\000r\000\050\000\051}{subsection.4.4.2}% 197
\BOOKMARK [3][-]{subsubsection.4.4.2.15}{\376\377\0004\000.\0004\000.\0002\000.\0001\0005\000\040\000d\000c\0002\000\137\000f\000i\000l\000t\000e\000r\000\050\000\051}{subsection.4.4.2}% 198
\BOOKMARK [3][-]{subsubsection.4.4.2.16}{\376\377\0004\000.\0004\000.\0002\000.\0001\0006\000\040\000d\000r\000i\000v\000e\0000\000\137\000f\000i\000l\000t\000e\000r\000\050\000\051}{subsection.4.4.2}% 199
\BOOKMARK [3][-]{subsubsection.4.4.2.17}{\376\377\0004\000.\0004\000.\0002\000.\0001\0007\000\040\000d\000r\000i\000v\000e\0001\000\137\000f\000i\000l\000t\000e\000r\000\050\000\051}{subsection.4.4.2}% 200
\BOOKMARK [3][-]{subsubsection.4.4.2.18}{\376\377\0004\000.\0004\000.\0002\000.\0001\0008\000\040\000g\000e\000t\000\137\000b\000a\000t\000c\000\137\000d\000e\000v\000\050\000\051}{subsection.4.4.2}% 201
\BOOKMARK [3][-]{subsubsection.4.4.2.19}{\376\377\0004\000.\0004\000.\0002\000.\0001\0009\000\040\000g\000t\000i\000\137\000t\000e\000s\000t\000\050\000\051}{subsection.4.4.2}% 202
\BOOKMARK [1][-]{section.4.5}{\376\377\0004\000.\0005\000\040\000b\000s\000o\000c\000.\000h}{chapter.4}% 203
\BOOKMARK [1][-]{section.4.6}{\376\377\0004\000.\0006\000\040\000h\000a\000\137\000e\000n\000e\000r\000g\000y\000/\000b\000u\000i\000l\000d\000/\000D\000e\000b\000u\000g\000/\000G\000N\000U\000-\000L\000i\000n\000u\000x\000/\000\137\000e\000x\000t\000/\0005\000c\0000\000/\000e\000n\000e\000r\000g\000y\000.\000o\000.\000d\000\040\000F\000i\000l\000e\000\040\000R\000e\000f\000e\000r\000e\000n\000c\000e}{chapter.4}% 204
\BOOKMARK [1][-]{section.4.7}{\376\377\0004\000.\0007\000\040\000h\000a\000\137\000e\000n\000e\000r\000g\000y\000/\000b\000u\000i\000l\000d\000/\000R\000e\000l\000e\000a\000s\000e\000/\000G\000N\000U\000-\000L\000i\000n\000u\000x\000/\000\137\000e\000x\000t\000/\0005\000c\0000\000/\000e\000n\000e\000r\000g\000y\000.\000o\000.\000d\000\040\000F\000i\000l\000e\000\040\000R\000e\000f\000e\000r\000e\000n\000c\000e}{chapter.4}% 205
\BOOKMARK [1][-]{section.4.8}{\376\377\0004\000.\0008\000\040\000h\000a\000\137\000e\000n\000e\000r\000g\000y\000/\000b\000u\000i\000l\000d\000/\000D\000e\000b\000u\000g\000/\000G\000N\000U\000-\000L\000i\000n\000u\000x\000/\000b\000s\000o\000c\000.\000o\000.\000d\000\040\000F\000i\000l\000e\000\040\000R\000e\000f\000e\000r\000e\000n\000c\000e}{chapter.4}% 206
\BOOKMARK [1][-]{section.4.9}{\376\377\0004\000.\0009\000\040\000h\000a\000\137\000e\000n\000e\000r\000g\000y\000/\000b\000u\000i\000l\000d\000/\000R\000e\000l\000e\000a\000s\000e\000/\000G\000N\000U\000-\000L\000i\000n\000u\000x\000/\000b\000s\000o\000c\000.\000o\000.\000d\000\040\000F\000i\000l\000e\000\040\000R\000e\000f\000e\000r\000e\000n\000c\000e}{chapter.4}% 207
\BOOKMARK [1][-]{section.4.10}{\376\377\0004\000.\0001\0000\000\040\000h\000a\000\137\000e\000n\000e\000r\000g\000y\000/\000b\000u\000i\000l\000d\000/\000D\000e\000b\000u\000g\000/\000G\000N\000U\000-\000L\000i\000n\000u\000x\000/\000h\000t\000t\000p\000\137\000v\000a\000r\000s\000.\000o\000.\000d\000\040\000F\000i\000l\000e\000\040\000R\000e\000f\000e\000r\000e\000n\000c\000e}{chapter.4}% 208
\BOOKMARK [1][-]{section.4.11}{\376\377\0004\000.\0001\0001\000\040\000h\000a\000\137\000e\000n\000e\000r\000g\000y\000/\000b\000u\000i\000l\000d\000/\000R\000e\000l\000e\000a\000s\000e\000/\000G\000N\000U\000-\000L\000i\000n\000u\000x\000/\000h\000t\000t\000p\000\137\000v\000a\000r\000s\000.\000o\000.\000d\000\040\000F\000i\000l\000e\000\040\000R\000e\000f\000e\000r\000e\000n\000c\000e}{chapter.4}% 209
\BOOKMARK [1][-]{section.4.12}{\376\377\0004\000.\0001\0002\000\040\000h\000a\000\137\000e\000n\000e\000r\000g\000y\000/\000b\000u\000i\000l\000d\000/\000D\000e\000b\000u\000g\000/\000G\000N\000U\000-\000L\000i\000n\000u\000x\000/\000m\000q\000t\000t\000\137\000r\000e\000c\000.\000o\000.\000d\000\040\000F\000i\000l\000e\000\040\000R\000e\000f\000e\000r\000e\000n\000c\000e}{chapter.4}% 210
\BOOKMARK [1][-]{section.4.13}{\376\377\0004\000.\0001\0003\000\040\000h\000a\000\137\000e\000n\000e\000r\000g\000y\000/\000b\000u\000i\000l\000d\000/\000R\000e\000l\000e\000a\000s\000e\000/\000G\000N\000U\000-\000L\000i\000n\000u\000x\000/\000m\000q\000t\000t\000\137\000r\000e\000c\000.\000o\000.\000d\000\040\000F\000i\000l\000e\000\040\000R\000e\000f\000e\000r\000e\000n\000c\000e}{chapter.4}% 211
\BOOKMARK [1][-]{section.4.14}{\376\377\0004\000.\0001\0004\000\040\000h\000a\000\137\000e\000n\000e\000r\000g\000y\000/\000b\000u\000i\000l\000d\000/\000D\000e\000b\000u\000g\000/\000G\000N\000U\000-\000L\000i\000n\000u\000x\000/\000m\000q\000t\000t\000\137\000v\000a\000r\000s\000.\000o\000.\000d\000\040\000F\000i\000l\000e\000\040\000R\000e\000f\000e\000r\000e\000n\000c\000e}{chapter.4}% 212
\BOOKMARK [1][-]{section.4.15}{\376\377\0004\000.\0001\0005\000\040\000h\000a\000\137\000e\000n\000e\000r\000g\000y\000/\000b\000u\000i\000l\000d\000/\000R\000e\000l\000e\000a\000s\000e\000/\000G\000N\000U\000-\000L\000i\000n\000u\000x\000/\000m\000q\000t\000t\000\137\000v\000a\000r\000s\000.\000o\000.\000d\000\040\000F\000i\000l\000e\000\040\000R\000e\000f\000e\000r\000e\000n\000c\000e}{chapter.4}% 213
\BOOKMARK [1][-]{section.4.16}{\376\377\0004\000.\0001\0006\000\040\000h\000a\000\137\000e\000n\000e\000r\000g\000y\000/\000b\000u\000i\000l\000d\000/\000D\000e\000b\000u\000g\000/\000G\000N\000U\000-\000L\000i\000n\000u\000x\000/\000p\000i\000d\000.\000o\000.\000d\000\040\000F\000i\000l\000e\000\040\000R\000e\000f\000e\000r\000e\000n\000c\000e}{chapter.4}% 214
\BOOKMARK [1][-]{section.4.17}{\376\377\0004\000.\0001\0007\000\040\000h\000a\000\137\000e\000n\000e\000r\000g\000y\000/\000b\000u\000i\000l\000d\000/\000R\000e\000l\000e\000a\000s\000e\000/\000G\000N\000U\000-\000L\000i\000n\000u\000x\000/\000p\000i\000d\000.\000o\000.\000d\000\040\000F\000i\000l\000e\000\040\000R\000e\000f\000e\000r\000e\000n\000c\000e}{chapter.4}% 215
\BOOKMARK [1][-]{section.4.18}{\376\377\0004\000.\0001\0008\000\040\000h\000a\000\137\000e\000n\000e\000r\000g\000y\000/\000e\000n\000e\000r\000g\000y\000.\000h\000\040\000F\000i\000l\000e\000\040\000R\000e\000f\000e\000r\000e\000n\000c\000e}{chapter.4}% 216
\BOOKMARK [2][-]{subsection.4.18.1}{\376\377\0004\000.\0001\0008\000.\0001\000\040\000M\000a\000c\000r\000o\000\040\000D\000e\000f\000i\000n\000i\000t\000i\000o\000n\000\040\000D\000o\000c\000u\000m\000e\000n\000t\000a\000t\000i\000o\000n}{section.4.18}% 217
\BOOKMARK [3][-]{subsubsection.4.18.1.1}{\376\377\0004\000.\0001\0008\000.\0001\000.\0001\000\040\000A\000D\000D\000R\000E\000S\000S}{subsection.4.18.1}% 218
\BOOKMARK [3][-]{subsubsection.4.18.1.2}{\376\377\0004\000.\0001\0008\000.\0001\000.\0002\000\040\000B\000A\000L\000\137\000M\000A\000X\000\137\000E\000N\000E\000R\000G\000Y\000\137\000A\000C}{subsection.4.18.1}% 219
\BOOKMARK [3][-]{subsubsection.4.18.1.3}{\376\377\0004\000.\0001\0008\000.\0001\000.\0003\000\040\000B\000A\000L\000\137\000M\000A\000X\000\137\000E\000N\000E\000R\000G\000Y\000\137\000G\000T\000I}{subsection.4.18.1}% 220
\BOOKMARK [3][-]{subsubsection.4.18.1.4}{\376\377\0004\000.\0001\0008\000.\0001\000.\0004\000\040\000B\000A\000L\000\137\000M\000I\000N\000\137\000E\000N\000E\000R\000G\000Y\000\137\000A\000C}{subsection.4.18.1}% 221
\BOOKMARK [3][-]{subsubsection.4.18.1.5}{\376\377\0004\000.\0001\0008\000.\0001\000.\0005\000\040\000B\000A\000L\000\137\000M\000I\000N\000\137\000E\000N\000E\000R\000G\000Y\000\137\000G\000T\000I}{subsection.4.18.1}% 222
\BOOKMARK [3][-]{subsubsection.4.18.1.6}{\376\377\0004\000.\0001\0008\000.\0001\000.\0006\000\040\000B\000A\000M\000P\000S\000\137\000S\000A\000N\000E}{subsection.4.18.1}% 223
\BOOKMARK [3][-]{subsubsection.4.18.1.7}{\376\377\0004\000.\0001\0008\000.\0001\000.\0007\000\040\000B\000A\000T\000\137\000C\000R\000I\000T\000I\000C\000A\000L}{subsection.4.18.1}% 224
\BOOKMARK [3][-]{subsubsection.4.18.1.8}{\376\377\0004\000.\0001\0008\000.\0001\000.\0008\000\040\000B\000A\000T\000\137\000M\000\137\000K\000W}{subsection.4.18.1}% 225
\BOOKMARK [3][-]{subsubsection.4.18.1.9}{\376\377\0004\000.\0001\0008\000.\0001\000.\0009\000\040\000B\000A\000T\000\137\000S\000O\000C\000\137\000H\000I\000G\000H}{subsection.4.18.1}% 226
\BOOKMARK [3][-]{subsubsection.4.18.1.10}{\376\377\0004\000.\0001\0008\000.\0001\000.\0001\0000\000\040\000B\000A\000T\000\137\000S\000O\000C\000\137\000L\000O\000W}{subsection.4.18.1}% 227
\BOOKMARK [3][-]{subsubsection.4.18.1.11}{\376\377\0004\000.\0001\0008\000.\0001\000.\0001\0001\000\040\000B\000A\000T\000\137\000S\000O\000C\000\137\000L\000O\000W\000\137\000A\000C}{subsection.4.18.1}% 228
\BOOKMARK [3][-]{subsubsection.4.18.1.12}{\376\377\0004\000.\0001\0008\000.\0001\000.\0001\0002\000\040\000B\000A\000T\000\137\000S\000O\000C\000\137\000T\000O\000P}{subsection.4.18.1}% 229
\BOOKMARK [3][-]{subsubsection.4.18.1.13}{\376\377\0004\000.\0001\0008\000.\0001\000.\0001\0003\000\040\000C\000L\000I\000E\000N\000T\000I\000D\0001}{subsection.4.18.1}% 230
\BOOKMARK [3][-]{subsubsection.4.18.1.14}{\376\377\0004\000.\0001\0008\000.\0001\000.\0001\0004\000\040\000C\000L\000I\000E\000N\000T\000I\000D\0002}{subsection.4.18.1}% 231
\BOOKMARK [3][-]{subsubsection.4.18.1.15}{\376\377\0004\000.\0001\0008\000.\0001\000.\0001\0005\000\040\000C\000L\000I\000E\000N\000T\000I\000D\0003}{subsection.4.18.1}% 232
\BOOKMARK [3][-]{subsubsection.4.18.1.16}{\376\377\0004\000.\0001\0008\000.\0001\000.\0001\0006\000\040\000C\000M\000D\000\137\000S\000E\000C}{subsection.4.18.1}% 233
\BOOKMARK [3][-]{subsubsection.4.18.1.17}{\376\377\0004\000.\0001\0008\000.\0001\000.\0001\0007\000\040\000C\000R\000I\000T\000I\000A\000L\000\137\000S\000H\000U\000T\000D\000O\000W\000N\000\137\000L\000O\000G}{subsection.4.18.1}% 234
\BOOKMARK [3][-]{subsubsection.4.18.1.18}{\376\377\0004\000.\0001\0008\000.\0001\000.\0001\0008\000\040\000D\000A\000Q\000\137\000S\000T\000R}{subsection.4.18.1}% 235
\BOOKMARK [3][-]{subsubsection.4.18.1.19}{\376\377\0004\000.\0001\0008\000.\0001\000.\0001\0009\000\040\000D\000A\000Q\000\137\000S\000T\000R\000\137\000M}{subsection.4.18.1}% 236
\BOOKMARK [3][-]{subsubsection.4.18.1.20}{\376\377\0004\000.\0001\0008\000.\0001\000.\0002\0000\000\040\000D\000L\000\137\000A\000C\000\137\000D\000C\000\137\000E\000F\000F}{subsection.4.18.1}% 237
\BOOKMARK [3][-]{subsubsection.4.18.1.21}{\376\377\0004\000.\0001\0008\000.\0001\000.\0002\0001\000\040\000G\000T\000I\000\137\000D\000E\000L\000A\000Y}{subsection.4.18.1}% 238
\BOOKMARK [3][-]{subsubsection.4.18.1.22}{\376\377\0004\000.\0001\0008\000.\0001\000.\0002\0002\000\040\000I\000A\000M\000\137\000D\000E\000L\000A\000Y}{subsection.4.18.1}% 239
\BOOKMARK [3][-]{subsubsection.4.18.1.23}{\376\377\0004\000.\0001\0008\000.\0001\000.\0002\0003\000\040\000I\000M\000\137\000D\000E\000L\000A\000Y}{subsection.4.18.1}% 240
\BOOKMARK [3][-]{subsubsection.4.18.1.24}{\376\377\0004\000.\0001\0008\000.\0001\000.\0002\0004\000\040\000I\000M\000\137\000D\000I\000S\000P\000L\000A\000Y}{subsection.4.18.1}% 241
\BOOKMARK [3][-]{subsubsection.4.18.1.25}{\376\377\0004\000.\0001\0008\000.\0001\000.\0002\0005\000\040\000L\0001\000\137\000P}{subsection.4.18.1}% 242
\BOOKMARK [3][-]{subsubsection.4.18.1.26}{\376\377\0004\000.\0001\0008\000.\0001\000.\0002\0006\000\040\000L\0002\000\137\000P}{subsection.4.18.1}% 243
\BOOKMARK [3][-]{subsubsection.4.18.1.27}{\376\377\0004\000.\0001\0008\000.\0001\000.\0002\0007\000\040\000L\0003\000\137\000P}{subsection.4.18.1}% 244
\BOOKMARK [3][-]{subsubsection.4.18.1.28}{\376\377\0004\000.\0001\0008\000.\0001\000.\0002\0008\000\040\000L\000A\000D\000D\000R\000E\000S\000S}{subsection.4.18.1}% 245
\BOOKMARK [3][-]{subsubsection.4.18.1.29}{\376\377\0004\000.\0001\0008\000.\0001\000.\0002\0009\000\040\000L\000O\000G\000\137\000T\000O\000\137\000F\000I\000L\000E}{subsection.4.18.1}% 246
\BOOKMARK [3][-]{subsubsection.4.18.1.30}{\376\377\0004\000.\0001\0008\000.\0001\000.\0003\0000\000\040\000L\000O\000G\000\137\000T\000O\000\137\000F\000I\000L\000E\000\137\000A\000L\000T}{subsection.4.18.1}% 247
\BOOKMARK [3][-]{subsubsection.4.18.1.31}{\376\377\0004\000.\0001\0008\000.\0001\000.\0003\0001\000\040\000L\000O\000G\000\137\000V\000E\000R\000S\000I\000O\000N}{subsection.4.18.1}% 248
\BOOKMARK [3][-]{subsubsection.4.18.1.32}{\376\377\0004\000.\0001\0008\000.\0001\000.\0003\0002\000\040\000L\000O\000W\000\137\000L\000O\000G\000\137\000S\000P\000A\000M}{subsection.4.18.1}% 249
\BOOKMARK [3][-]{subsubsection.4.18.1.33}{\376\377\0004\000.\0001\0008\000.\0001\000.\0003\0003\000\040\000M\000A\000X\000\137\000E\000R\000R\000O\000R}{subsection.4.18.1}% 250
\BOOKMARK [3][-]{subsubsection.4.18.1.34}{\376\377\0004\000.\0001\0008\000.\0001\000.\0003\0004\000\040\000M\000A\000X\000\137\000I\000M\000\137\000V\000A\000R}{subsection.4.18.1}% 251
\BOOKMARK [3][-]{subsubsection.4.18.1.35}{\376\377\0004\000.\0001\0008\000.\0001\000.\0003\0005\000\040\000M\000A\000X\000\137\000L\000O\000G\000\137\000S\000P\000A\000M}{subsection.4.18.1}% 252
\BOOKMARK [3][-]{subsubsection.4.18.1.36}{\376\377\0004\000.\0001\0008\000.\0001\000.\0003\0006\000\040\000M\000I\000N\000\137\000B\000A\000T\000\137\000K\000W\000\137\000A\000C\000\137\000H\000I}{subsection.4.18.1}% 253
\BOOKMARK [3][-]{subsubsection.4.18.1.37}{\376\377\0004\000.\0001\0008\000.\0001\000.\0003\0007\000\040\000M\000I\000N\000\137\000B\000A\000T\000\137\000K\000W\000\137\000A\000C\000\137\000L\000O}{subsection.4.18.1}% 254
\BOOKMARK [3][-]{subsubsection.4.18.1.38}{\376\377\0004\000.\0001\0008\000.\0001\000.\0003\0008\000\040\000M\000I\000N\000\137\000B\000A\000T\000\137\000K\000W\000\137\000B\000S\000O\000C\000\137\000H\000I}{subsection.4.18.1}% 255
\BOOKMARK [3][-]{subsubsection.4.18.1.39}{\376\377\0004\000.\0001\0008\000.\0001\000.\0003\0009\000\040\000M\000I\000N\000\137\000B\000A\000T\000\137\000K\000W\000\137\000B\000S\000O\000C\000\137\000S\000L\000P}{subsection.4.18.1}% 256
\BOOKMARK [3][-]{subsubsection.4.18.1.40}{\376\377\0004\000.\0001\0008\000.\0001\000.\0004\0000\000\040\000M\000I\000N\000\137\000B\000A\000T\000\137\000K\000W\000\137\000G\000T\000I\000\137\000H\000I}{subsection.4.18.1}% 257
\BOOKMARK [3][-]{subsubsection.4.18.1.41}{\376\377\0004\000.\0001\0008\000.\0001\000.\0004\0001\000\040\000M\000I\000N\000\137\000B\000A\000T\000\137\000K\000W\000\137\000G\000T\000I\000\137\000L\000O}{subsection.4.18.1}% 258
\BOOKMARK [3][-]{subsubsection.4.18.1.42}{\376\377\0004\000.\0001\0008\000.\0001\000.\0004\0002\000\040\000M\000Q\000T\000T\000\137\000T\000I\000M\000E\000O\000U\000T}{subsection.4.18.1}% 259
\BOOKMARK [3][-]{subsubsection.4.18.1.43}{\376\377\0004\000.\0001\0008\000.\0001\000.\0004\0003\000\040\000M\000Q\000T\000T\000\137\000V\000E\000R\000S\000I\000O\000N}{subsection.4.18.1}% 260
\BOOKMARK [3][-]{subsubsection.4.18.1.44}{\376\377\0004\000.\0001\0008\000.\0001\000.\0004\0004\000\040\000N\000O\000\137\000C\000Y\000L\000O\000N}{subsection.4.18.1}% 261
\BOOKMARK [3][-]{subsubsection.4.18.1.45}{\376\377\0004\000.\0001\0008\000.\0001\000.\0004\0005\000\040\000N\000O\000R\000M\000\137\000M\000O\000D\000E}{subsection.4.18.1}% 262
\BOOKMARK [3][-]{subsubsection.4.18.1.46}{\376\377\0004\000.\0001\0008\000.\0001\000.\0004\0006\000\040\000P\000A\000M\000P\000S\000\137\000S\000A\000N\000E}{subsection.4.18.1}% 263
\BOOKMARK [3][-]{subsubsection.4.18.1.47}{\376\377\0004\000.\0001\0008\000.\0001\000.\0004\0007\000\040\000P\000I\000D\000\137\000M\000O\000D\000E}{subsection.4.18.1}% 264
\BOOKMARK [3][-]{subsubsection.4.18.1.48}{\376\377\0004\000.\0001\0008\000.\0001\000.\0004\0008\000\040\000P\000V\000\137\000B\000I\000A\000S}{subsection.4.18.1}% 265
\BOOKMARK [3][-]{subsubsection.4.18.1.49}{\376\377\0004\000.\0001\0008\000.\0001\000.\0004\0009\000\040\000P\000V\000\137\000B\000I\000A\000S\000\137\000F\000L\000O\000A\000T}{subsection.4.18.1}% 266
\BOOKMARK [3][-]{subsubsection.4.18.1.50}{\376\377\0004\000.\0001\0008\000.\0001\000.\0005\0000\000\040\000P\000V\000\137\000B\000I\000A\000S\000\137\000L\000O\000W}{subsection.4.18.1}% 267
\BOOKMARK [3][-]{subsubsection.4.18.1.51}{\376\377\0004\000.\0001\0008\000.\0001\000.\0005\0001\000\040\000P\000V\000\137\000B\000I\000A\000S\000\137\000R\000A\000T\000E}{subsection.4.18.1}% 268
\BOOKMARK [3][-]{subsubsection.4.18.1.52}{\376\377\0004\000.\0001\0008\000.\0001\000.\0005\0002\000\040\000P\000V\000\137\000B\000I\000A\000S\000\137\000S\000L\000E\000E\000P}{subsection.4.18.1}% 269
\BOOKMARK [3][-]{subsubsection.4.18.1.53}{\376\377\0004\000.\0001\0008\000.\0001\000.\0005\0003\000\040\000P\000V\000\137\000B\000I\000A\000S\000\137\000Z\000E\000R\000O}{subsection.4.18.1}% 270
\BOOKMARK [3][-]{subsubsection.4.18.1.54}{\376\377\0004\000.\0001\0008\000.\0001\000.\0005\0004\000\040\000P\000V\000\137\000D\000L\000\137\000B\000\137\000A\000H\000\137\000L\000O\000W}{subsection.4.18.1}% 271
\BOOKMARK [3][-]{subsubsection.4.18.1.55}{\376\377\0004\000.\0001\0008\000.\0001\000.\0005\0005\000\040\000P\000V\000\137\000D\000L\000\137\000B\000\137\000A\000H\000\137\000M\000I\000N}{subsection.4.18.1}% 272
\BOOKMARK [3][-]{subsubsection.4.18.1.56}{\376\377\0004\000.\0001\0008\000.\0001\000.\0005\0006\000\040\000P\000V\000\137\000D\000L\000\137\000B\000\137\000V\000\137\000L\000O\000W}{subsection.4.18.1}% 273
\BOOKMARK [3][-]{subsubsection.4.18.1.57}{\376\377\0004\000.\0001\0008\000.\0001\000.\0005\0007\000\040\000P\000V\000\137\000D\000L\000\137\000B\000I\000A\000S\000\137\000R\000A\000T\000E}{subsection.4.18.1}% 274
\BOOKMARK [3][-]{subsubsection.4.18.1.58}{\376\377\0004\000.\0001\0008\000.\0001\000.\0005\0008\000\040\000P\000V\000\137\000D\000L\000\137\000E\000X\000C\000E\000S\000S}{subsection.4.18.1}% 275
\BOOKMARK [3][-]{subsubsection.4.18.1.59}{\376\377\0004\000.\0001\0008\000.\0001\000.\0005\0009\000\040\000P\000V\000\137\000D\000L\000\137\000M\000P\000T\000T\000\137\000E\000X\000C\000E\000S\000S}{subsection.4.18.1}% 276
\BOOKMARK [3][-]{subsubsection.4.18.1.60}{\376\377\0004\000.\0001\0008\000.\0001\000.\0006\0000\000\040\000P\000V\000\137\000D\000L\000\137\000M\000P\000T\000T\000\137\000I\000D\000L\000E}{subsection.4.18.1}% 277
\BOOKMARK [3][-]{subsubsection.4.18.1.61}{\376\377\0004\000.\0001\0008\000.\0001\000.\0006\0001\000\040\000P\000V\000\137\000D\000L\000\137\000M\000P\000T\000T\000\137\000M\000A\000X}{subsection.4.18.1}% 278
\BOOKMARK [3][-]{subsubsection.4.18.1.62}{\376\377\0004\000.\0001\0008\000.\0001\000.\0006\0002\000\040\000P\000V\000\137\000I\000G\000A\000I\000N}{subsection.4.18.1}% 279
\BOOKMARK [3][-]{subsubsection.4.18.1.63}{\376\377\0004\000.\0001\0008\000.\0001\000.\0006\0003\000\040\000P\000V\000\137\000I\000M\000A\000X}{subsection.4.18.1}% 280
\BOOKMARK [3][-]{subsubsection.4.18.1.64}{\376\377\0004\000.\0001\0008\000.\0001\000.\0006\0004\000\040\000P\000V\000\137\000P\000G\000A\000I\000N}{subsection.4.18.1}% 281
\BOOKMARK [3][-]{subsubsection.4.18.1.65}{\376\377\0004\000.\0001\0008\000.\0001\000.\0006\0005\000\040\000P\000V\000O\000L\000T\000S\000\137\000S\000A\000N\000E}{subsection.4.18.1}% 282
\BOOKMARK [3][-]{subsubsection.4.18.1.66}{\376\377\0004\000.\0001\0008\000.\0001\000.\0006\0006\000\040\000P\000W\000A\000\137\000S\000A\000N\000E}{subsection.4.18.1}% 283
\BOOKMARK [3][-]{subsubsection.4.18.1.67}{\376\377\0004\000.\0001\0008\000.\0001\000.\0006\0007\000\040\000P\000W\000A\000\137\000S\000L\000E\000E\000P}{subsection.4.18.1}% 284
\BOOKMARK [3][-]{subsubsection.4.18.1.68}{\376\377\0004\000.\0001\0008\000.\0001\000.\0006\0008\000\040\000Q\000O\000S}{subsection.4.18.1}% 285
\BOOKMARK [3][-]{subsubsection.4.18.1.69}{\376\377\0004\000.\0001\0008\000.\0001\000.\0006\0009\000\040\000R\000B\000U\000F\000\137\000S\000I\000Z}{subsection.4.18.1}% 286
\BOOKMARK [3][-]{subsubsection.4.18.1.70}{\376\377\0004\000.\0001\0008\000.\0001\000.\0007\0000\000\040\000R\000E\000S\000E\000T\000\137\000L\000O\000G\000\137\000S\000P\000A\000M}{subsection.4.18.1}% 287
\BOOKMARK [3][-]{subsubsection.4.18.1.71}{\376\377\0004\000.\0001\0008\000.\0001\000.\0007\0001\000\040\000S\000B\000U\000F\000\137\000S\000I\000Z}{subsection.4.18.1}% 288
\BOOKMARK [3][-]{subsubsection.4.18.1.72}{\376\377\0004\000.\0001\0008\000.\0001\000.\0007\0002\000\040\000S\000P\000A\000C\000I\000N\000G\000\137\000U\000S\000E\000C}{subsection.4.18.1}% 289
\BOOKMARK [3][-]{subsubsection.4.18.1.73}{\376\377\0004\000.\0001\0008\000.\0001\000.\0007\0003\000\040\000S\000W\000\137\000Q\000O\000S}{subsection.4.18.1}% 290
\BOOKMARK [3][-]{subsubsection.4.18.1.74}{\376\377\0004\000.\0001\0008\000.\0001\000.\0007\0004\000\040\000S\000Y\000S\000L\000O\000G\000\137\000S\000I\000Z}{subsection.4.18.1}% 291
\BOOKMARK [3][-]{subsubsection.4.18.1.75}{\376\377\0004\000.\0001\0008\000.\0001\000.\0007\0005\000\040\000T\000I\000M\000E\000\137\000S\000Y\000N\000C\000\137\000S\000E\000C}{subsection.4.18.1}% 292
\BOOKMARK [3][-]{subsubsection.4.18.1.76}{\376\377\0004\000.\0001\0008\000.\0001\000.\0007\0006\000\040\000T\000I\000M\000E\000O\000U\000T}{subsection.4.18.1}% 293
\BOOKMARK [3][-]{subsubsection.4.18.1.77}{\376\377\0004\000.\0001\0008\000.\0001\000.\0007\0007\000\040\000T\000N\000A\000M\000E}{subsection.4.18.1}% 294
\BOOKMARK [3][-]{subsubsection.4.18.1.78}{\376\377\0004\000.\0001\0008\000.\0001\000.\0007\0008\000\040\000T\000O\000P\000I\000C\000\137\000H\000A}{subsection.4.18.1}% 295
\BOOKMARK [3][-]{subsubsection.4.18.1.79}{\376\377\0004\000.\0001\0008\000.\0001\000.\0007\0009\000\040\000T\000O\000P\000I\000C\000\137\000P}{subsection.4.18.1}% 296
\BOOKMARK [3][-]{subsubsection.4.18.1.80}{\376\377\0004\000.\0001\0008\000.\0001\000.\0008\0000\000\040\000T\000O\000P\000I\000C\000\137\000P\000A\000C\000A}{subsection.4.18.1}% 297
\BOOKMARK [3][-]{subsubsection.4.18.1.81}{\376\377\0004\000.\0001\0008\000.\0001\000.\0008\0001\000\040\000T\000O\000P\000I\000C\000\137\000P\000A\000C\000C}{subsection.4.18.1}% 298
\BOOKMARK [3][-]{subsubsection.4.18.1.82}{\376\377\0004\000.\0001\0008\000.\0001\000.\0008\0002\000\040\000T\000O\000P\000I\000C\000\137\000P\000D\000C\000A}{subsection.4.18.1}% 299
\BOOKMARK [3][-]{subsubsection.4.18.1.83}{\376\377\0004\000.\0001\0008\000.\0001\000.\0008\0003\000\040\000T\000O\000P\000I\000C\000\137\000P\000D\000C\000C}{subsection.4.18.1}% 300
\BOOKMARK [3][-]{subsubsection.4.18.1.84}{\376\377\0004\000.\0001\0008\000.\0001\000.\0008\0004\000\040\000T\000O\000P\000I\000C\000\137\000P\000P\000I\000D}{subsection.4.18.1}% 301
\BOOKMARK [3][-]{subsubsection.4.18.1.85}{\376\377\0004\000.\0001\0008\000.\0001\000.\0008\0005\000\040\000T\000O\000P\000I\000C\000\137\000S\000D}{subsection.4.18.1}% 302
\BOOKMARK [3][-]{subsubsection.4.18.1.86}{\376\377\0004\000.\0001\0008\000.\0001\000.\0008\0006\000\040\000T\000O\000P\000I\000C\000\137\000S\000H\000U\000T\000D\000O\000W\000N}{subsection.4.18.1}% 303
\BOOKMARK [3][-]{subsubsection.4.18.1.87}{\376\377\0004\000.\0001\0008\000.\0001\000.\0008\0007\000\040\000T\000O\000P\000I\000C\000\137\000S\000P\000A\000M}{subsection.4.18.1}% 304
\BOOKMARK [3][-]{subsubsection.4.18.1.88}{\376\377\0004\000.\0001\0008\000.\0001\000.\0008\0008\000\040\000T\000O\000P\000I\000C\000\137\000S\000S}{subsection.4.18.1}% 305
\BOOKMARK [3][-]{subsubsection.4.18.1.89}{\376\377\0004\000.\0001\0008\000.\0001\000.\0008\0009\000\040\000U\000N\000I\000T\000\137\000T\000E\000S\000T}{subsection.4.18.1}% 306
\BOOKMARK [3][-]{subsubsection.4.18.1.90}{\376\377\0004\000.\0001\0008\000.\0001\000.\0009\0000\000\040\000U\000S\000E\000C\000\137\000S\000E\000C}{subsection.4.18.1}% 307
\BOOKMARK [2][-]{subsection.4.18.2}{\376\377\0004\000.\0001\0008\000.\0002\000\040\000E\000n\000u\000m\000e\000r\000a\000t\000i\000o\000n\000\040\000T\000y\000p\000e\000\040\000D\000o\000c\000u\000m\000e\000n\000t\000a\000t\000i\000o\000n}{section.4.18}% 308
\BOOKMARK [3][-]{subsubsection.4.18.2.1}{\376\377\0004\000.\0001\0008\000.\0002\000.\0001\000\040\000e\000n\000e\000r\000g\000y\000\137\000s\000t\000a\000t\000e}{subsection.4.18.2}% 309
\BOOKMARK [3][-]{subsubsection.4.18.2.2}{\376\377\0004\000.\0001\0008\000.\0002\000.\0002\000\040\000i\000a\000m\000m\000e\000t\000e\000r\000\137\000i\000d}{subsection.4.18.2}% 310
\BOOKMARK [3][-]{subsubsection.4.18.2.3}{\376\377\0004\000.\0001\0008\000.\0002\000.\0003\000\040\000i\000a\000m\000m\000e\000t\000e\000r\000\137\000p\000h\000a\000s\000e}{subsection.4.18.2}% 311
\BOOKMARK [3][-]{subsubsection.4.18.2.4}{\376\377\0004\000.\0001\0008\000.\0002\000.\0004\000\040\000m\000q\000t\000t\000\137\000v\000a\000r\000s}{subsection.4.18.2}% 312
\BOOKMARK [3][-]{subsubsection.4.18.2.5}{\376\377\0004\000.\0001\0008\000.\0002\000.\0005\000\040\000r\000u\000n\000n\000i\000n\000g\000\137\000s\000t\000a\000t\000e}{subsection.4.18.2}% 313
\BOOKMARK [3][-]{subsubsection.4.18.2.6}{\376\377\0004\000.\0001\0008\000.\0002\000.\0006\000\040\000s\000a\000n\000e\000\137\000v\000a\000r\000s}{subsection.4.18.2}% 314
\BOOKMARK [2][-]{subsection.4.18.3}{\376\377\0004\000.\0001\0008\000.\0003\000\040\000F\000u\000n\000c\000t\000i\000o\000n\000\040\000D\000o\000c\000u\000m\000e\000n\000t\000a\000t\000i\000o\000n}{section.4.18}% 315
\BOOKMARK [3][-]{subsubsection.4.18.3.1}{\376\377\0004\000.\0001\0008\000.\0003\000.\0001\000\040\000c\000o\000n\000n\000l\000o\000s\000t\000\050\000\051}{subsection.4.18.3}% 316
\BOOKMARK [3][-]{subsubsection.4.18.3.2}{\376\377\0004\000.\0001\0008\000.\0003\000.\0002\000\040\000h\000a\000\137\000a\000c\000\137\000o\000f\000f\000\050\000\051}{subsection.4.18.3}% 317
\BOOKMARK [3][-]{subsubsection.4.18.3.3}{\376\377\0004\000.\0001\0008\000.\0003\000.\0003\000\040\000h\000a\000\137\000a\000c\000\137\000o\000n\000\050\000\051}{subsection.4.18.3}% 318
\BOOKMARK [3][-]{subsubsection.4.18.3.4}{\376\377\0004\000.\0001\0008\000.\0003\000.\0004\000\040\000h\000a\000\137\000d\000c\000\137\000o\000f\000f\000\050\000\051}{subsection.4.18.3}% 319
\BOOKMARK [3][-]{subsubsection.4.18.3.5}{\376\377\0004\000.\0001\0008\000.\0003\000.\0005\000\040\000h\000a\000\137\000d\000c\000\137\000o\000n\000\050\000\051}{subsection.4.18.3}% 320
\BOOKMARK [3][-]{subsubsection.4.18.3.6}{\376\377\0004\000.\0001\0008\000.\0003\000.\0006\000\040\000i\000a\000m\000m\000e\000t\000e\000r\000\137\000r\000e\000a\000d\000\050\000\051}{subsection.4.18.3}% 321
\BOOKMARK [3][-]{subsubsection.4.18.3.7}{\376\377\0004\000.\0001\0008\000.\0003\000.\0007\000\040\000i\000a\000m\000m\000e\000t\000e\000r\000\137\000w\000r\000i\000t\000e\000\137\000c\000a\000l\000l\000b\000a\000c\000k\000\050\000\051}{subsection.4.18.3}% 322
\BOOKMARK [3][-]{subsubsection.4.18.3.8}{\376\377\0004\000.\0001\0008\000.\0003\000.\0008\000\040\000l\000o\000g\000\137\000t\000i\000m\000e\000\050\000\051}{subsection.4.18.3}% 323
\BOOKMARK [3][-]{subsubsection.4.18.3.9}{\376\377\0004\000.\0001\0008\000.\0003\000.\0009\000\040\000l\000o\000g\000\137\000t\000i\000m\000e\000r\000\050\000\051}{subsection.4.18.3}% 324
\BOOKMARK [3][-]{subsubsection.4.18.3.10}{\376\377\0004\000.\0001\0008\000.\0003\000.\0001\0000\000\040\000p\000r\000i\000n\000t\000\137\000i\000m\000\137\000v\000a\000r\000s\000\050\000\051}{subsection.4.18.3}% 325
\BOOKMARK [3][-]{subsubsection.4.18.3.11}{\376\377\0004\000.\0001\0008\000.\0003\000.\0001\0001\000\040\000p\000r\000i\000n\000t\000\137\000m\000v\000a\000r\000\137\000v\000a\000r\000s\000\050\000\051}{subsection.4.18.3}% 326
\BOOKMARK [3][-]{subsubsection.4.18.3.12}{\376\377\0004\000.\0001\0008\000.\0003\000.\0001\0002\000\040\000r\000a\000m\000p\000\137\000d\000o\000w\000n\000\137\000a\000c\000\050\000\051}{subsection.4.18.3}% 327
\BOOKMARK [3][-]{subsubsection.4.18.3.13}{\376\377\0004\000.\0001\0008\000.\0003\000.\0001\0003\000\040\000r\000a\000m\000p\000\137\000d\000o\000w\000n\000\137\000g\000t\000i\000\050\000\051}{subsection.4.18.3}% 328
\BOOKMARK [3][-]{subsubsection.4.18.3.14}{\376\377\0004\000.\0001\0008\000.\0003\000.\0001\0004\000\040\000r\000a\000m\000p\000\137\000u\000p\000\137\000a\000c\000\050\000\051}{subsection.4.18.3}% 329
\BOOKMARK [3][-]{subsubsection.4.18.3.15}{\376\377\0004\000.\0001\0008\000.\0003\000.\0001\0005\000\040\000r\000a\000m\000p\000\137\000u\000p\000\137\000g\000t\000i\000\050\000\051}{subsection.4.18.3}% 330
\BOOKMARK [3][-]{subsubsection.4.18.3.16}{\376\377\0004\000.\0001\0008\000.\0003\000.\0001\0006\000\040\000s\000a\000n\000i\000t\000y\000\137\000c\000h\000e\000c\000k\000\050\000\051}{subsection.4.18.3}% 331
\BOOKMARK [3][-]{subsubsection.4.18.3.17}{\376\377\0004\000.\0001\0008\000.\0003\000.\0001\0007\000\040\000s\000y\000n\000c\000\137\000h\000a\000\050\000\051}{subsection.4.18.3}% 332
\BOOKMARK [3][-]{subsubsection.4.18.3.18}{\376\377\0004\000.\0001\0008\000.\0003\000.\0001\0008\000\040\000t\000i\000m\000e\000r\000\137\000c\000a\000l\000l\000b\000a\000c\000k\000\050\000\051}{subsection.4.18.3}% 333
\BOOKMARK [2][-]{subsection.4.18.4}{\376\377\0004\000.\0001\0008\000.\0004\000\040\000V\000a\000r\000i\000a\000b\000l\000e\000\040\000D\000o\000c\000u\000m\000e\000n\000t\000a\000t\000i\000o\000n}{section.4.18}% 334
\BOOKMARK [3][-]{subsubsection.4.18.4.1}{\376\377\0004\000.\0001\0008\000.\0004\000.\0001\000\040\000E}{subsection.4.18.4}% 335
\BOOKMARK [3][-]{subsubsection.4.18.4.2}{\376\377\0004\000.\0001\0008\000.\0004\000.\0002\000\040\000f\000o\000u\000t}{subsection.4.18.4}% 336
\BOOKMARK [3][-]{subsubsection.4.18.4.3}{\376\377\0004\000.\0001\0008\000.\0004\000.\0003\000\040\000h\000a\000\137\000f\000l\000a\000g\000\137\000v\000a\000r\000s\000\137\000s\000s}{subsection.4.18.4}% 337
\BOOKMARK [1][-]{section.4.19}{\376\377\0004\000.\0001\0009\000\040\000e\000n\000e\000r\000g\000y\000.\000h}{chapter.4}% 338
\BOOKMARK [1][-]{section.4.20}{\376\377\0004\000.\0002\0000\000\040\000h\000a\000\137\000e\000n\000e\000r\000g\000y\000/\000h\000t\000t\000p\000\137\000v\000a\000r\000s\000.\000c\000\040\000F\000i\000l\000e\000\040\000R\000e\000f\000e\000r\000e\000n\000c\000e}{chapter.4}% 339
\BOOKMARK [2][-]{subsection.4.20.1}{\376\377\0004\000.\0002\0000\000.\0001\000\040\000F\000u\000n\000c\000t\000i\000o\000n\000\040\000D\000o\000c\000u\000m\000e\000n\000t\000a\000t\000i\000o\000n}{section.4.20}% 340
\BOOKMARK [3][-]{subsubsection.4.20.1.1}{\376\377\0004\000.\0002\0000\000.\0001\000.\0001\000\040\000i\000a\000m\000m\000e\000t\000e\000r\000\137\000g\000e\000t\000\137\000d\000a\000t\000a\000\050\000\051}{subsection.4.20.1}% 341
\BOOKMARK [3][-]{subsubsection.4.20.1.2}{\376\377\0004\000.\0002\0000\000.\0001\000.\0002\000\040\000i\000a\000m\000m\000e\000t\000e\000r\000\137\000r\000e\000a\000d\000\050\000\051}{subsection.4.20.1}% 342
\BOOKMARK [3][-]{subsubsection.4.20.1.3}{\376\377\0004\000.\0002\0000\000.\0001\000.\0003\000\040\000i\000a\000m\000m\000e\000t\000e\000r\000\137\000w\000r\000i\000t\000e\000\137\000c\000a\000l\000l\000b\000a\000c\000k\000\050\000\051}{subsection.4.20.1}% 343
\BOOKMARK [3][-]{subsubsection.4.20.1.4}{\376\377\0004\000.\0002\0000\000.\0001\000.\0004\000\040\000m\000q\000t\000t\000\137\000g\000t\000i\000\137\000t\000i\000m\000e\000\050\000\051}{subsection.4.20.1}% 344
\BOOKMARK [3][-]{subsubsection.4.20.1.5}{\376\377\0004\000.\0002\0000\000.\0001\000.\0005\000\040\000p\000r\000i\000n\000t\000\137\000i\000m\000\137\000v\000a\000r\000s\000\050\000\051}{subsection.4.20.1}% 345
\BOOKMARK [2][-]{subsection.4.20.2}{\376\377\0004\000.\0002\0000\000.\0002\000\040\000V\000a\000r\000i\000a\000b\000l\000e\000\040\000D\000o\000c\000u\000m\000e\000n\000t\000a\000t\000i\000o\000n}{section.4.20}% 346
\BOOKMARK [3][-]{subsubsection.4.20.2.1}{\376\377\0004\000.\0002\0000\000.\0002\000.\0001\000\040\000c\000u\000r\000l}{subsection.4.20.2}% 347
\BOOKMARK [3][-]{subsubsection.4.20.2.2}{\376\377\0004\000.\0002\0000\000.\0002\000.\0002\000\040\000r\000e\000s}{subsection.4.20.2}% 348
\BOOKMARK [1][-]{section.4.21}{\376\377\0004\000.\0002\0001\000\040\000h\000a\000\137\000e\000n\000e\000r\000g\000y\000/\000h\000t\000t\000p\000\137\000v\000a\000r\000s\000.\000h\000\040\000F\000i\000l\000e\000\040\000R\000e\000f\000e\000r\000e\000n\000c\000e}{chapter.4}% 349
\BOOKMARK [2][-]{subsection.4.21.1}{\376\377\0004\000.\0002\0001\000.\0001\000\040\000V\000a\000r\000i\000a\000b\000l\000e\000\040\000D\000o\000c\000u\000m\000e\000n\000t\000a\000t\000i\000o\000n}{section.4.21}% 350
\BOOKMARK [3][-]{subsubsection.4.21.1.1}{\376\377\0004\000.\0002\0001\000.\0001\000.\0001\000\040\000f\000o\000u\000t}{subsection.4.21.1}% 351
\BOOKMARK [1][-]{section.4.22}{\376\377\0004\000.\0002\0002\000\040\000h\000t\000t\000p\000\137\000v\000a\000r\000s\000.\000h}{chapter.4}% 352
\BOOKMARK [1][-]{section.4.23}{\376\377\0004\000.\0002\0003\000\040\000h\000a\000\137\000e\000n\000e\000r\000g\000y\000/\000m\000q\000t\000t\000\137\000r\000e\000c\000.\000c\000\040\000F\000i\000l\000e\000\040\000R\000e\000f\000e\000r\000e\000n\000c\000e}{chapter.4}% 353
\BOOKMARK [2][-]{subsection.4.23.1}{\376\377\0004\000.\0002\0003\000.\0001\000\040\000F\000u\000n\000c\000t\000i\000o\000n\000\040\000D\000o\000c\000u\000m\000e\000n\000t\000a\000t\000i\000o\000n}{section.4.23}% 354
\BOOKMARK [3][-]{subsubsection.4.23.1.1}{\376\377\0004\000.\0002\0003\000.\0001\000.\0001\000\040\000d\000e\000l\000i\000v\000e\000r\000e\000d\000\050\000\051}{subsection.4.23.1}% 355
\BOOKMARK [3][-]{subsubsection.4.23.1.2}{\376\377\0004\000.\0002\0003\000.\0001\000.\0002\000\040\000f\000m\0008\0000\000\137\000f\000l\000o\000a\000t\000\050\000\051}{subsection.4.23.1}% 356
\BOOKMARK [3][-]{subsubsection.4.23.1.3}{\376\377\0004\000.\0002\0003\000.\0001\000.\0003\000\040\000f\000m\0008\0000\000\137\000s\000l\000e\000e\000p\000\050\000\051}{subsection.4.23.1}% 357
\BOOKMARK [3][-]{subsubsection.4.23.1.4}{\376\377\0004\000.\0002\0003\000.\0001\000.\0004\000\040\000j\000s\000o\000n\000\137\000g\000e\000t\000\137\000d\000a\000t\000a\000\050\000\051}{subsection.4.23.1}% 358
\BOOKMARK [3][-]{subsubsection.4.23.1.5}{\376\377\0004\000.\0002\0003\000.\0001\000.\0005\000\040\000m\000s\000g\000a\000r\000r\000v\000d\000\050\000\051}{subsection.4.23.1}% 359
\BOOKMARK [3][-]{subsubsection.4.23.1.6}{\376\377\0004\000.\0002\0003\000.\0001\000.\0006\000\040\000p\000r\000i\000n\000t\000\137\000m\000v\000a\000r\000\137\000v\000a\000r\000s\000\050\000\051}{subsection.4.23.1}% 360
\BOOKMARK [1][-]{section.4.24}{\376\377\0004\000.\0002\0004\000\040\000h\000a\000\137\000e\000n\000e\000r\000g\000y\000/\000m\000q\000t\000t\000\137\000r\000e\000c\000.\000h\000\040\000F\000i\000l\000e\000\040\000R\000e\000f\000e\000r\000e\000n\000c\000e}{chapter.4}% 361
\BOOKMARK [2][-]{subsection.4.24.1}{\376\377\0004\000.\0002\0004\000.\0001\000\040\000M\000a\000c\000r\000o\000\040\000D\000e\000f\000i\000n\000i\000t\000i\000o\000n\000\040\000D\000o\000c\000u\000m\000e\000n\000t\000a\000t\000i\000o\000n}{section.4.24}% 362
\BOOKMARK [3][-]{subsubsection.4.24.1.1}{\376\377\0004\000.\0002\0004\000.\0001\000.\0001\000\040\000F\000L\000O\000A\000T\000\137\000C\000O\000D\000E}{subsection.4.24.1}% 363
\BOOKMARK [3][-]{subsubsection.4.24.1.2}{\376\377\0004\000.\0002\0004\000.\0001\000.\0002\000\040\000M\000B\000M\000Q\000T\000T}{subsection.4.24.1}% 364
\BOOKMARK [3][-]{subsubsection.4.24.1.3}{\376\377\0004\000.\0002\0004\000.\0001\000.\0003\000\040\000R\000D\000E\000V\000\137\000S\000I\000Z\000E}{subsection.4.24.1}% 365
\BOOKMARK [3][-]{subsubsection.4.24.1.4}{\376\377\0004\000.\0002\0004\000.\0001\000.\0004\000\040\000S\000L\000E\000E\000P\000\137\000C\000O\000D\000E}{subsection.4.24.1}% 366
\BOOKMARK [2][-]{subsection.4.24.2}{\376\377\0004\000.\0002\0004\000.\0002\000\040\000E\000n\000u\000m\000e\000r\000a\000t\000i\000o\000n\000\040\000T\000y\000p\000e\000\040\000D\000o\000c\000u\000m\000e\000n\000t\000a\000t\000i\000o\000n}{section.4.24}% 367
\BOOKMARK [3][-]{subsubsection.4.24.2.1}{\376\377\0004\000.\0002\0004\000.\0002\000.\0001\000\040\000m\000q\000t\000t\000\137\000i\000d}{subsection.4.24.2}% 368
\BOOKMARK [2][-]{subsection.4.24.3}{\376\377\0004\000.\0002\0004\000.\0003\000\040\000F\000u\000n\000c\000t\000i\000o\000n\000\040\000D\000o\000c\000u\000m\000e\000n\000t\000a\000t\000i\000o\000n}{section.4.24}% 369
\BOOKMARK [3][-]{subsubsection.4.24.3.1}{\376\377\0004\000.\0002\0004\000.\0003\000.\0001\000\040\000d\000e\000l\000i\000v\000e\000r\000e\000d\000\050\000\051}{subsection.4.24.3}% 370
\BOOKMARK [3][-]{subsubsection.4.24.3.2}{\376\377\0004\000.\0002\0004\000.\0003\000.\0002\000\040\000f\000m\0008\0000\000\137\000f\000l\000o\000a\000t\000\050\000\051}{subsection.4.24.3}% 371
\BOOKMARK [3][-]{subsubsection.4.24.3.3}{\376\377\0004\000.\0002\0004\000.\0003\000.\0003\000\040\000f\000m\0008\0000\000\137\000s\000l\000e\000e\000p\000\050\000\051}{subsection.4.24.3}% 372
\BOOKMARK [3][-]{subsubsection.4.24.3.4}{\376\377\0004\000.\0002\0004\000.\0003\000.\0004\000\040\000j\000s\000o\000n\000\137\000g\000e\000t\000\137\000d\000a\000t\000a\000\050\000\051}{subsection.4.24.3}% 373
\BOOKMARK [3][-]{subsubsection.4.24.3.5}{\376\377\0004\000.\0002\0004\000.\0003\000.\0005\000\040\000m\000s\000g\000a\000r\000r\000v\000d\000\050\000\051}{subsection.4.24.3}% 374
\BOOKMARK [2][-]{subsection.4.24.4}{\376\377\0004\000.\0002\0004\000.\0004\000\040\000V\000a\000r\000i\000a\000b\000l\000e\000\040\000D\000o\000c\000u\000m\000e\000n\000t\000a\000t\000i\000o\000n}{section.4.24}% 375
\BOOKMARK [3][-]{subsubsection.4.24.4.1}{\376\377\0004\000.\0002\0004\000.\0004\000.\0001\000\040\000f\000o\000u\000t}{subsection.4.24.4}% 376
\BOOKMARK [1][-]{section.4.25}{\376\377\0004\000.\0002\0005\000\040\000m\000q\000t\000t\000\137\000r\000e\000c\000.\000h}{chapter.4}% 377
\BOOKMARK [1][-]{section.4.26}{\376\377\0004\000.\0002\0006\000\040\000h\000a\000\137\000e\000n\000e\000r\000g\000y\000/\000m\000q\000t\000t\000\137\000v\000a\000r\000s\000.\000c\000\040\000F\000i\000l\000e\000\040\000R\000e\000f\000e\000r\000e\000n\000c\000e}{chapter.4}% 378
\BOOKMARK [2][-]{subsection.4.26.1}{\376\377\0004\000.\0002\0006\000.\0001\000\040\000M\000a\000c\000r\000o\000\040\000D\000e\000f\000i\000n\000i\000t\000i\000o\000n\000\040\000D\000o\000c\000u\000m\000e\000n\000t\000a\000t\000i\000o\000n}{section.4.26}% 379
\BOOKMARK [3][-]{subsubsection.4.26.1.1}{\376\377\0004\000.\0002\0006\000.\0001\000.\0001\000\040\000\137\000D\000E\000F\000A\000U\000L\000T\000\137\000S\000O\000U\000R\000C\000E}{subsection.4.26.1}% 380
\BOOKMARK [2][-]{subsection.4.26.2}{\376\377\0004\000.\0002\0006\000.\0002\000\040\000F\000u\000n\000c\000t\000i\000o\000n\000\040\000D\000o\000c\000u\000m\000e\000n\000t\000a\000t\000i\000o\000n}{section.4.26}% 381
\BOOKMARK [3][-]{subsubsection.4.26.2.1}{\376\377\0004\000.\0002\0006\000.\0002\000.\0001\000\040\000m\000q\000t\000t\000\137\000g\000t\000i\000\137\000p\000o\000w\000e\000r\000\050\000\051}{subsection.4.26.2}% 382
\BOOKMARK [3][-]{subsubsection.4.26.2.2}{\376\377\0004\000.\0002\0006\000.\0002\000.\0002\000\040\000m\000q\000t\000t\000\137\000g\000t\000i\000\137\000t\000i\000m\000e\000\050\000\051}{subsection.4.26.2}% 383
\BOOKMARK [3][-]{subsubsection.4.26.2.3}{\376\377\0004\000.\0002\0006\000.\0002\000.\0003\000\040\000m\000q\000t\000t\000\137\000h\000a\000\137\000p\000i\000d\000\050\000\051}{subsection.4.26.2}% 384
\BOOKMARK [3][-]{subsubsection.4.26.2.4}{\376\377\0004\000.\0002\0006\000.\0002\000.\0004\000\040\000m\000q\000t\000t\000\137\000h\000a\000\137\000s\000h\000u\000t\000d\000o\000w\000n\000\050\000\051}{subsection.4.26.2}% 385
\BOOKMARK [3][-]{subsubsection.4.26.2.5}{\376\377\0004\000.\0002\0006\000.\0002\000.\0005\000\040\000m\000q\000t\000t\000\137\000h\000a\000\137\000s\000w\000i\000t\000c\000h\000\050\000\051}{subsection.4.26.2}% 386
\BOOKMARK [2][-]{subsection.4.26.3}{\376\377\0004\000.\0002\0006\000.\0003\000\040\000V\000a\000r\000i\000a\000b\000l\000e\000\040\000D\000o\000c\000u\000m\000e\000n\000t\000a\000t\000i\000o\000n}{section.4.26}% 387
\BOOKMARK [3][-]{subsubsection.4.26.3.1}{\376\377\0004\000.\0002\0006\000.\0003\000.\0001\000\040\000F\000W\000\137\000D\000a\000t\000e}{subsection.4.26.3}% 388
\BOOKMARK [3][-]{subsubsection.4.26.3.2}{\376\377\0004\000.\0002\0006\000.\0003\000.\0002\000\040\000F\000W\000\137\000T\000i\000m\000e}{subsection.4.26.3}% 389
\BOOKMARK [1][-]{section.4.27}{\376\377\0004\000.\0002\0007\000\040\000h\000a\000\137\000e\000n\000e\000r\000g\000y\000/\000m\000q\000t\000t\000\137\000v\000a\000r\000s\000.\000h\000\040\000F\000i\000l\000e\000\040\000R\000e\000f\000e\000r\000e\000n\000c\000e}{chapter.4}% 390
\BOOKMARK [2][-]{subsection.4.27.1}{\376\377\0004\000.\0002\0007\000.\0001\000\040\000M\000a\000c\000r\000o\000\040\000D\000e\000f\000i\000n\000i\000t\000i\000o\000n\000\040\000D\000o\000c\000u\000m\000e\000n\000t\000a\000t\000i\000o\000n}{section.4.27}% 391
\BOOKMARK [3][-]{subsubsection.4.27.1.1}{\376\377\0004\000.\0002\0007\000.\0001\000.\0001\000\040\000G\000T\000I\000\137\000T\000O\000K\000E\000N\000\137\000D\000E\000L\000A\000Y}{subsection.4.27.1}% 392
\BOOKMARK [3][-]{subsubsection.4.27.1.2}{\376\377\0004\000.\0002\0007\000.\0001\000.\0002\000\040\000H\000A\000\137\000S\000W\000\137\000D\000E\000L\000A\000Y}{subsection.4.27.1}% 393
\BOOKMARK [3][-]{subsubsection.4.27.1.3}{\376\377\0004\000.\0002\0007\000.\0001\000.\0003\000\040\000Q\000O\000S}{subsection.4.27.1}% 394
\BOOKMARK [3][-]{subsubsection.4.27.1.4}{\376\377\0004\000.\0002\0007\000.\0001\000.\0004\000\040\000T\000O\000K\000E\000N\000\137\000D\000E\000L\000A\000Y}{subsection.4.27.1}% 395
\BOOKMARK [2][-]{subsection.4.27.2}{\376\377\0004\000.\0002\0007\000.\0002\000\040\000F\000u\000n\000c\000t\000i\000o\000n\000\040\000D\000o\000c\000u\000m\000e\000n\000t\000a\000t\000i\000o\000n}{section.4.27}% 396
\BOOKMARK [3][-]{subsubsection.4.27.2.1}{\376\377\0004\000.\0002\0007\000.\0002\000.\0001\000\040\000m\000q\000t\000t\000\137\000g\000t\000i\000\137\000p\000o\000w\000e\000r\000\050\000\051}{subsection.4.27.2}% 397
\BOOKMARK [3][-]{subsubsection.4.27.2.2}{\376\377\0004\000.\0002\0007\000.\0002\000.\0002\000\040\000m\000q\000t\000t\000\137\000g\000t\000i\000\137\000t\000i\000m\000e\000\050\000\051}{subsection.4.27.2}% 398
\BOOKMARK [3][-]{subsubsection.4.27.2.3}{\376\377\0004\000.\0002\0007\000.\0002\000.\0003\000\040\000m\000q\000t\000t\000\137\000h\000a\000\137\000p\000i\000d\000\050\000\051}{subsection.4.27.2}% 399
\BOOKMARK [3][-]{subsubsection.4.27.2.4}{\376\377\0004\000.\0002\0007\000.\0002\000.\0004\000\040\000m\000q\000t\000t\000\137\000h\000a\000\137\000s\000h\000u\000t\000d\000o\000w\000n\000\050\000\051}{subsection.4.27.2}% 400
\BOOKMARK [3][-]{subsubsection.4.27.2.5}{\376\377\0004\000.\0002\0007\000.\0002\000.\0005\000\040\000m\000q\000t\000t\000\137\000h\000a\000\137\000s\000w\000i\000t\000c\000h\000\050\000\051}{subsection.4.27.2}% 401
\BOOKMARK [2][-]{subsection.4.27.3}{\376\377\0004\000.\0002\0007\000.\0003\000\040\000V\000a\000r\000i\000a\000b\000l\000e\000\040\000D\000o\000c\000u\000m\000e\000n\000t\000a\000t\000i\000o\000n}{section.4.27}% 402
\BOOKMARK [3][-]{subsubsection.4.27.3.1}{\376\377\0004\000.\0002\0007\000.\0003\000.\0001\000\040\000m\000q\000t\000t\000\137\000n\000a\000m\000e}{subsection.4.27.3}% 403
\BOOKMARK [1][-]{section.4.28}{\376\377\0004\000.\0002\0008\000\040\000m\000q\000t\000t\000\137\000v\000a\000r\000s\000.\000h}{chapter.4}% 404
\BOOKMARK [1][-]{section.4.29}{\376\377\0004\000.\0002\0009\000\040\000h\000a\000\137\000e\000n\000e\000r\000g\000y\000/\000n\000b\000p\000r\000o\000j\000e\000c\000t\000/\000p\000r\000i\000v\000a\000t\000e\000/\000c\000\137\000s\000t\000a\000n\000d\000a\000r\000d\000\137\000h\000e\000a\000d\000e\000r\000s\000\137\000i\000n\000d\000e\000x\000e\000r\000.\000c\000\040\000F\000i\000l\000e\000\040\000R\000e\000f\000e\000r\000e\000n\000c\000e}{chapter.4}% 405
\BOOKMARK [1][-]{section.4.30}{\376\377\0004\000.\0003\0000\000\040\000h\000a\000\137\000e\000n\000e\000r\000g\000y\000/\000n\000b\000p\000r\000o\000j\000e\000c\000t\000/\000p\000r\000i\000v\000a\000t\000e\000/\000c\000p\000p\000\137\000s\000t\000a\000n\000d\000a\000r\000d\000\137\000h\000e\000a\000d\000e\000r\000s\000\137\000i\000n\000d\000e\000x\000e\000r\000.\000c\000p\000p\000\040\000F\000i\000l\000e\000\040\000R\000e\000f\000e\000r\000e\000n\000c\000e}{chapter.4}% 406
\BOOKMARK [1][-]{section.4.31}{\376\377\0004\000.\0003\0001\000\040\000h\000a\000\137\000e\000n\000e\000r\000g\000y\000/\000p\000i\000d\000.\000c\000\040\000F\000i\000l\000e\000\040\000R\000e\000f\000e\000r\000e\000n\000c\000e}{chapter.4}% 407
\BOOKMARK [2][-]{subsection.4.31.1}{\376\377\0004\000.\0003\0001\000.\0001\000\040\000F\000u\000n\000c\000t\000i\000o\000n\000\040\000D\000o\000c\000u\000m\000e\000n\000t\000a\000t\000i\000o\000n}{section.4.31}% 408
\BOOKMARK [3][-]{subsubsection.4.31.1.1}{\376\377\0004\000.\0003\0001\000.\0001\000.\0001\000\040\000R\000e\000s\000e\000t\000P\000I\000\050\000\051}{subsection.4.31.1}% 409
\BOOKMARK [3][-]{subsubsection.4.31.1.2}{\376\377\0004\000.\0003\0001\000.\0001\000.\0002\000\040\000U\000p\000d\000a\000t\000e\000P\000I\000\050\000\051}{subsection.4.31.1}% 410
\BOOKMARK [1][-]{section.4.32}{\376\377\0004\000.\0003\0002\000\040\000h\000a\000\137\000e\000n\000e\000r\000g\000y\000/\000p\000i\000d\000.\000h\000\040\000F\000i\000l\000e\000\040\000R\000e\000f\000e\000r\000e\000n\000c\000e}{chapter.4}% 411
\BOOKMARK [2][-]{subsection.4.32.1}{\376\377\0004\000.\0003\0002\000.\0001\000\040\000F\000u\000n\000c\000t\000i\000o\000n\000\040\000D\000o\000c\000u\000m\000e\000n\000t\000a\000t\000i\000o\000n}{section.4.32}% 412
\BOOKMARK [3][-]{subsubsection.4.32.1.1}{\376\377\0004\000.\0003\0002\000.\0001\000.\0001\000\040\000R\000e\000s\000e\000t\000P\000I\000\050\000\051}{subsection.4.32.1}% 413
\BOOKMARK [3][-]{subsubsection.4.32.1.2}{\376\377\0004\000.\0003\0002\000.\0001\000.\0002\000\040\000U\000p\000d\000a\000t\000e\000P\000I\000\050\000\051}{subsection.4.32.1}% 414
\BOOKMARK [1][-]{section.4.33}{\376\377\0004\000.\0003\0003\000\040\000p\000i\000d\000.\000h}{chapter.4}% 415
\BOOKMARK [0][-]{section*.214}{\376\377\000I\000n\000d\000e\000x}{}% 416
